ARM GAS  C:\Users\gding\AppData\Local\Temp\cch8nnhn.s 			page 1


   1              		.syntax unified
   2              		.cpu cortex-m3
   3              		.fpu softvfp
   4              		.eabi_attribute 20, 1
   5              		.eabi_attribute 21, 1
   6              		.eabi_attribute 23, 3
   7              		.eabi_attribute 24, 1
   8              		.eabi_attribute 25, 1
   9              		.eabi_attribute 26, 1
  10              		.eabi_attribute 30, 6
  11              		.eabi_attribute 34, 1
  12              		.eabi_attribute 18, 4
  13              		.thumb
  14              		.file	"main.c"
  15              		.text
  16              	.Ltext0:
  17              		.cfi_sections	.debug_frame
  18              		.comm	devAddr,1,1
  19              		.comm	buffer,22,4
  20              		.global	flag
  21              		.bss
  22              		.align	2
  23              		.type	flag, %object
  24              		.size	flag, 4
  25              	flag:
  26 0000 00000000 		.space	4
  27              		.section	.text.timer_handle,"ax",%progbits
  28              		.align	2
  29              		.global	timer_handle
  30              		.thumb
  31              		.thumb_func
  32              		.type	timer_handle, %function
  33              	timer_handle:
  34              	.LFB63:
  35              		.file 1 "main.c"
   1:main.c        **** /*******************************************************************************
   2:main.c        **** * File Name: main.c
   3:main.c        **** *
   4:main.c        **** * Version: 2.20
   5:main.c        **** *
   6:main.c        **** * Description:
   7:main.c        **** *   This is a source code for example project of ADC single ended mode.
   8:main.c        **** *
   9:main.c        **** *   Variable resistor(pot) is connected to +ve input of ADC using the I/O pin.
  10:main.c        **** *   P0.0. When voltage to positive terminal of ADC is 0, the output displayed
  11:main.c        **** *   on the LCD pannel is 0x0000. As voltage on positive terminal goes on
  12:main.c        **** *   increasing, the  converted value goes on increasing from 0x0000 and reaches
  13:main.c        **** *   0xFFFF when voltage becomes 1.024V. Futher increase in voltage value,
  14:main.c        **** *   doesn't cause any changes to values displayed in the LCD.
  15:main.c        **** *
  16:main.c        **** * Hardware Connections:
  17:main.c        **** *  Connect analog input from Variable resistor to port P0[0] of DVK1 board.
  18:main.c        **** *
  19:main.c        **** ********************************************************************************
  20:main.c        **** * Copyright 2012-2015, Cypress Semiconductor Corporation. All rights reserved.
  21:main.c        **** * This software is owned by Cypress Semiconductor Corporation and is protected
  22:main.c        **** * by and subject to worldwide patent and copyright laws and treaties.
ARM GAS  C:\Users\gding\AppData\Local\Temp\cch8nnhn.s 			page 2


  23:main.c        **** * Therefore, you may use this software only as provided in the license agreement
  24:main.c        **** * accompanying the software package from which you obtained this software.
  25:main.c        **** * CYPRESS AND ITS SUPPLIERS MAKE NO WARRANTY OF ANY KIND, EXPRESS OR IMPLIED,
  26:main.c        **** * WITH REGARD TO THIS SOFTWARE, INCLUDING, BUT NOT LIMITED TO, NONINFRINGEMENT,
  27:main.c        **** * IMPLIED WARRANTIES OF MERCHANTABILITY AND FITNESS FOR A PARTICULAR PURPOSE.
  28:main.c        **** *******************************************************************************/
  29:main.c        **** 
  30:main.c        **** #include <project.h>
  31:main.c        **** 
  32:main.c        **** 
  33:main.c        **** /*******************************************************************************
  34:main.c        **** * Function Name: main
  35:main.c        **** ********************************************************************************
  36:main.c        **** *
  37:main.c        **** * Summary:
  38:main.c        **** *  main() performs following functions:
  39:main.c        **** *  1: Initializes the LCD
  40:main.c        **** *  2: Starts ADC
  41:main.c        **** *  3: Starts ADC converstion.
  42:main.c        **** *  4: Gets the converted result and displays it in LCD.
  43:main.c        **** *
  44:main.c        **** * Parameters:
  45:main.c        **** *  None.
  46:main.c        **** *
  47:main.c        **** * Return:
  48:main.c        **** *  None.
  49:main.c        **** *
  50:main.c        **** *******************************************************************************/
  51:main.c        **** #include <stdio.h>
  52:main.c        **** #include <stdlib.h>
  53:main.c        **** #include <mpu6050.h>
  54:main.c        **** 
  55:main.c        **** #define MA_WINDOW 15
  56:main.c        **** #define BOT_THRESHOLD 20000
  57:main.c        **** 
  58:main.c        **** int flag = 0;
  59:main.c        **** 
  60:main.c        **** CY_ISR(timer_handle){
  36              		.loc 1 60 0
  37              		.cfi_startproc
  38              		@ args = 0, pretend = 0, frame = 0
  39              		@ frame_needed = 1, uses_anonymous_args = 0
  40              		@ link register save eliminated.
  41 0000 80B4     		push	{r7}
  42              		.cfi_def_cfa_offset 4
  43              		.cfi_offset 7, -4
  44 0002 00AF     		add	r7, sp, #0
  45              		.cfi_def_cfa_register 7
  61:main.c        ****     flag = 1;
  46              		.loc 1 61 0
  47 0004 044B     		ldr	r3, .L2
  48 0006 0122     		movs	r2, #1
  49 0008 1A60     		str	r2, [r3]
  62:main.c        ****     Timer_STATUS;
  50              		.loc 1 62 0
  51 000a 044B     		ldr	r3, .L2+4
  52 000c 1B78     		ldrb	r3, [r3]
ARM GAS  C:\Users\gding\AppData\Local\Temp\cch8nnhn.s 			page 3


  63:main.c        **** }
  53              		.loc 1 63 0
  54 000e BD46     		mov	sp, r7
  55              		.cfi_def_cfa_register 13
  56              		@ sp needed
  57 0010 5DF8047B 		ldr	r7, [sp], #4
  58              		.cfi_restore 7
  59              		.cfi_def_cfa_offset 0
  60 0014 7047     		bx	lr
  61              	.L3:
  62 0016 00BF     		.align	2
  63              	.L2:
  64 0018 00000000 		.word	flag
  65 001c 034F0040 		.word	1073762051
  66              		.cfi_endproc
  67              	.LFE63:
  68              		.size	timer_handle, .-timer_handle
  69              		.section	.text.ComputeMA,"ax",%progbits
  70              		.align	2
  71              		.global	ComputeMA
  72              		.thumb
  73              		.thumb_func
  74              		.type	ComputeMA, %function
  75              	ComputeMA:
  76              	.LFB64:
  64:main.c        **** 
  65:main.c        **** int16_t ComputeMA(int16_t avg, int16_t n, int16_t sample){
  77              		.loc 1 65 0
  78              		.cfi_startproc
  79              		@ args = 0, pretend = 0, frame = 8
  80              		@ frame_needed = 1, uses_anonymous_args = 0
  81              		@ link register save eliminated.
  82 0000 80B4     		push	{r7}
  83              		.cfi_def_cfa_offset 4
  84              		.cfi_offset 7, -4
  85 0002 83B0     		sub	sp, sp, #12
  86              		.cfi_def_cfa_offset 16
  87 0004 00AF     		add	r7, sp, #0
  88              		.cfi_def_cfa_register 7
  89 0006 0346     		mov	r3, r0
  90 0008 FB80     		strh	r3, [r7, #6]	@ movhi
  91 000a 0B46     		mov	r3, r1	@ movhi
  92 000c BB80     		strh	r3, [r7, #4]	@ movhi
  93 000e 1346     		mov	r3, r2	@ movhi
  94 0010 7B80     		strh	r3, [r7, #2]	@ movhi
  66:main.c        ****     avg -= avg/n;
  95              		.loc 1 66 0
  96 0012 FA88     		ldrh	r2, [r7, #6]
  97 0014 B7F90610 		ldrsh	r1, [r7, #6]
  98 0018 B7F90430 		ldrsh	r3, [r7, #4]
  99 001c 91FBF3F3 		sdiv	r3, r1, r3
 100 0020 9BB2     		uxth	r3, r3
 101 0022 D31A     		subs	r3, r2, r3
 102 0024 9BB2     		uxth	r3, r3
 103 0026 FB80     		strh	r3, [r7, #6]	@ movhi
  67:main.c        ****     avg += sample/n;
 104              		.loc 1 67 0
ARM GAS  C:\Users\gding\AppData\Local\Temp\cch8nnhn.s 			page 4


 105 0028 B7F90220 		ldrsh	r2, [r7, #2]
 106 002c B7F90430 		ldrsh	r3, [r7, #4]
 107 0030 92FBF3F3 		sdiv	r3, r2, r3
 108 0034 9AB2     		uxth	r2, r3
 109 0036 FB88     		ldrh	r3, [r7, #6]
 110 0038 1344     		add	r3, r3, r2
 111 003a 9BB2     		uxth	r3, r3
 112 003c FB80     		strh	r3, [r7, #6]	@ movhi
  68:main.c        ****     return avg;    
 113              		.loc 1 68 0
 114 003e FB88     		ldrh	r3, [r7, #6]
 115 0040 1BB2     		sxth	r3, r3
  69:main.c        **** }
 116              		.loc 1 69 0
 117 0042 1846     		mov	r0, r3
 118 0044 0C37     		adds	r7, r7, #12
 119              		.cfi_def_cfa_offset 4
 120 0046 BD46     		mov	sp, r7
 121              		.cfi_def_cfa_register 13
 122              		@ sp needed
 123 0048 5DF8047B 		ldr	r7, [sp], #4
 124              		.cfi_restore 7
 125              		.cfi_def_cfa_offset 0
 126 004c 7047     		bx	lr
 127              		.cfi_endproc
 128              	.LFE64:
 129              		.size	ComputeMA, .-ComputeMA
 130              		.global	sum
 131 004e 00BF     		.bss
 132              		.align	2
 133              		.type	sum, %object
 134              		.size	sum, 4
 135              	sum:
 136 0004 00000000 		.space	4
 137              		.global	average
 138              		.align	1
 139              		.type	average, %object
 140              		.size	average, 2
 141              	average:
 142 0008 0000     		.space	2
 143              		.global	id
 144 000a 0000     		.data
 145              		.align	2
 146              		.type	id, %object
 147              		.size	id, 4
 148              	id:
 149 0000 01000000 		.word	1
 150              		.section	.text.main,"ax",%progbits
 151              		.align	2
 152              		.global	main
 153              		.thumb
 154              		.thumb_func
 155              		.type	main, %function
 156              	main:
 157              	.LFB65:
  70:main.c        **** 
  71:main.c        **** long sum = 0;                               // Sum of accelerometer values. 
ARM GAS  C:\Users\gding\AppData\Local\Temp\cch8nnhn.s 			page 5


  72:main.c        **** int16_t average = 0;                        // Moving average variable.
  73:main.c        **** long id = 1;                                // Interrupt count.
  74:main.c        **** 
  75:main.c        **** int main()
  76:main.c        **** {
 158              		.loc 1 76 0
 159              		.cfi_startproc
 160              		@ args = 0, pretend = 0, frame = 24
 161              		@ frame_needed = 1, uses_anonymous_args = 0
 162 0000 80B5     		push	{r7, lr}
 163              		.cfi_def_cfa_offset 8
 164              		.cfi_offset 7, -8
 165              		.cfi_offset 14, -4
 166 0002 86B0     		sub	sp, sp, #24
 167              		.cfi_def_cfa_offset 32
 168 0004 00AF     		add	r7, sp, #0
 169              		.cfi_def_cfa_register 7
  77:main.c        ****     int16_t ax, ay, az, i;
  78:main.c        **** 
  79:main.c        ****     /* Start the components */
  80:main.c        ****     CYGlobalIntEnable; 
 170              		.loc 1 80 0
 171              	@ 80 "main.c" 1
 172 0006 62B6     		CPSIE   i
 173              	@ 0 "" 2
  81:main.c        ****     I2C_Master_Start();
 174              		.loc 1 81 0
 175              		.thumb
 176 0008 FFF7FEFF 		bl	I2C_Master_Start
  82:main.c        ****     Timer_Start();
 177              		.loc 1 82 0
 178 000c FFF7FEFF 		bl	Timer_Start
  83:main.c        ****     ISR_StartEx(timer_handle);
 179              		.loc 1 83 0
 180 0010 3B48     		ldr	r0, .L13
 181 0012 FFF7FEFF 		bl	ISR_StartEx
  84:main.c        ****     LCD_Start();
 182              		.loc 1 84 0
 183 0016 FFF7FEFF 		bl	LCD_Start
  85:main.c        **** 
  86:main.c        ****     MPU6050_init();    
 184              		.loc 1 86 0
 185 001a FFF7FEFF 		bl	MPU6050_init
  87:main.c        **** 	MPU6050_initialize();
 186              		.loc 1 87 0
 187 001e FFF7FEFF 		bl	MPU6050_initialize
  88:main.c        ****     /* Display the value of ADC output on LCD */
  89:main.c        **** 
  90:main.c        ****     char test[20] = {};
 188              		.loc 1 90 0
 189 0022 3B46     		mov	r3, r7
 190 0024 0022     		movs	r2, #0
 191 0026 1A60     		str	r2, [r3]
 192 0028 0433     		adds	r3, r3, #4
 193 002a 0022     		movs	r2, #0
 194 002c 1A60     		str	r2, [r3]
 195 002e 0433     		adds	r3, r3, #4
ARM GAS  C:\Users\gding\AppData\Local\Temp\cch8nnhn.s 			page 6


 196 0030 0022     		movs	r2, #0
 197 0032 1A60     		str	r2, [r3]
 198 0034 0433     		adds	r3, r3, #4
 199 0036 0022     		movs	r2, #0
 200 0038 1A60     		str	r2, [r3]
 201 003a 0433     		adds	r3, r3, #4
 202 003c 0022     		movs	r2, #0
 203 003e 1A60     		str	r2, [r3]
 204 0040 0433     		adds	r3, r3, #4
 205              	.L12:
  91:main.c        ****     for(;;)
  92:main.c        ****     {
  93:main.c        ****         az = MPU6050_getAccelerationZ();
 206              		.loc 1 93 0
 207 0042 FFF7FEFF 		bl	MPU6050_getAccelerationZ
 208 0046 0346     		mov	r3, r0
 209 0048 FB82     		strh	r3, [r7, #22]	@ movhi
  94:main.c        ****         if(flag == 1){
 210              		.loc 1 94 0
 211 004a 2E4B     		ldr	r3, .L13+4
 212 004c 1B68     		ldr	r3, [r3]
 213 004e 012B     		cmp	r3, #1
 214 0050 54D1     		bne	.L7
  95:main.c        ****                     
  96:main.c        ****                     if (id<MA_WINDOW){
 215              		.loc 1 96 0
 216 0052 2D4B     		ldr	r3, .L13+8
 217 0054 1B68     		ldr	r3, [r3]
 218 0056 0E2B     		cmp	r3, #14
 219 0058 07DC     		bgt	.L8
  97:main.c        ****                         sum += az;     
 220              		.loc 1 97 0
 221 005a B7F91620 		ldrsh	r2, [r7, #22]
 222 005e 2B4B     		ldr	r3, .L13+12
 223 0060 1B68     		ldr	r3, [r3]
 224 0062 1344     		add	r3, r3, r2
 225 0064 294A     		ldr	r2, .L13+12
 226 0066 1360     		str	r3, [r2]
 227 0068 2FE0     		b	.L9
 228              	.L8:
  98:main.c        ****                     }
  99:main.c        ****                     else if(id == MA_WINDOW){
 229              		.loc 1 99 0
 230 006a 274B     		ldr	r3, .L13+8
 231 006c 1B68     		ldr	r3, [r3]
 232 006e 0F2B     		cmp	r3, #15
 233 0070 13D1     		bne	.L10
 100:main.c        ****                         sum += az;
 234              		.loc 1 100 0
 235 0072 B7F91620 		ldrsh	r2, [r7, #22]
 236 0076 254B     		ldr	r3, .L13+12
 237 0078 1B68     		ldr	r3, [r3]
 238 007a 1344     		add	r3, r3, r2
 239 007c 234A     		ldr	r2, .L13+12
 240 007e 1360     		str	r3, [r2]
 101:main.c        ****                         average = sum/MA_WINDOW;                            //compute baseline aver
 241              		.loc 1 101 0
ARM GAS  C:\Users\gding\AppData\Local\Temp\cch8nnhn.s 			page 7


 242 0080 224B     		ldr	r3, .L13+12
 243 0082 1B68     		ldr	r3, [r3]
 244 0084 224A     		ldr	r2, .L13+16
 245 0086 82FB0312 		smull	r1, r2, r2, r3
 246 008a 1A44     		add	r2, r2, r3
 247 008c D210     		asrs	r2, r2, #3
 248 008e DB17     		asrs	r3, r3, #31
 249 0090 D31A     		subs	r3, r2, r3
 250 0092 9AB2     		uxth	r2, r3
 251 0094 1F4B     		ldr	r3, .L13+20
 252 0096 1A80     		strh	r2, [r3]	@ movhi
 253 0098 17E0     		b	.L9
 254              	.L10:
 102:main.c        ****                     }
 103:main.c        ****                     else{
 104:main.c        ****                         average = ComputeMA(average, MA_WINDOW, az);
 255              		.loc 1 104 0
 256 009a 1E4B     		ldr	r3, .L13+20
 257 009c 1B88     		ldrh	r3, [r3]
 258 009e 1AB2     		sxth	r2, r3
 259 00a0 B7F91630 		ldrsh	r3, [r7, #22]
 260 00a4 1046     		mov	r0, r2
 261 00a6 0F21     		movs	r1, #15
 262 00a8 1A46     		mov	r2, r3
 263 00aa FFF7FEFF 		bl	ComputeMA
 264 00ae 0346     		mov	r3, r0
 265 00b0 1A46     		mov	r2, r3
 266 00b2 184B     		ldr	r3, .L13+20
 267 00b4 1A80     		strh	r2, [r3]	@ movhi
 105:main.c        ****                         #ifdef SD
 106:main.c        ****                             memset(sdbuf, 0, 40);
 107:main.c        ****                             sprintf(sdbuf, "Time%ld: Z-value: %d\n", data_point, average);
 108:main.c        ****                             FS_Write(fsfile, sdbuf, strlen(sdbuf));
 109:main.c        ****                         #endif
 110:main.c        ****                         LCD_Position(0,1);
 268              		.loc 1 110 0
 269 00b6 0020     		movs	r0, #0
 270 00b8 0121     		movs	r1, #1
 271 00ba FFF7FEFF 		bl	LCD_Position
 111:main.c        ****                         LCD_PrintDecUint16(average);
 272              		.loc 1 111 0
 273 00be 154B     		ldr	r3, .L13+20
 274 00c0 1B88     		ldrh	r3, [r3]
 275 00c2 9BB2     		uxth	r3, r3
 276 00c4 1846     		mov	r0, r3
 277 00c6 FFF7FEFF 		bl	LCD_PrintU32Number
 278              	.L9:
 112:main.c        ****                     }
 113:main.c        ****                     
 114:main.c        ****           
 115:main.c        **** 
 116:main.c        ****                     if(average > BOT_THRESHOLD){
 279              		.loc 1 116 0
 280 00ca 124B     		ldr	r3, .L13+20
 281 00cc 1B88     		ldrh	r3, [r3]
 282 00ce 1BB2     		sxth	r3, r3
 283 00d0 44F62062 		movw	r2, #20000
ARM GAS  C:\Users\gding\AppData\Local\Temp\cch8nnhn.s 			page 8


 284 00d4 9342     		cmp	r3, r2
 285 00d6 0CDD     		ble	.L11
 117:main.c        ****                         CyDelay(2000u);
 286              		.loc 1 117 0
 287 00d8 4FF4FA60 		mov	r0, #2000
 288 00dc FFF7FEFF 		bl	CyDelay
 118:main.c        ****                         #ifdef LCD
 119:main.c        ****                             setCursor(0,0);
 120:main.c        ****                             clear();
 121:main.c        ****                             LCD_print("STATE: LANDED");  
 122:main.c        ****                         //I2C_LCD_print(1,0, id ,0,average);
 123:main.c        ****                         #endif
 124:main.c        ****                         #ifdef SD
 125:main.c        ****                             memset(sdbuf, 0, 40);
 126:main.c        ****                             sprintf(sdbuf, "STATE: LANDED ***********\n");
 127:main.c        ****                             FS_Write(fsfile, sdbuf, strlen(sdbuf));
 128:main.c        ****                         #endif
 129:main.c        ****                         id=0;                                                   //reset sample coun
 289              		.loc 1 129 0
 290 00e0 094B     		ldr	r3, .L13+8
 291 00e2 0022     		movs	r2, #0
 292 00e4 1A60     		str	r2, [r3]
 130:main.c        ****                         sum = 0;
 293              		.loc 1 130 0
 294 00e6 094B     		ldr	r3, .L13+12
 295 00e8 0022     		movs	r2, #0
 296 00ea 1A60     		str	r2, [r3]
 131:main.c        ****                         average = 0;                
 297              		.loc 1 131 0
 298 00ec 094B     		ldr	r3, .L13+20
 299 00ee 0022     		movs	r2, #0
 300 00f0 1A80     		strh	r2, [r3]	@ movhi
 301              	.L11:
 132:main.c        ****                     }     
 133:main.c        ****                     id++;
 302              		.loc 1 133 0
 303 00f2 054B     		ldr	r3, .L13+8
 304 00f4 1B68     		ldr	r3, [r3]
 305 00f6 0133     		adds	r3, r3, #1
 306 00f8 034A     		ldr	r2, .L13+8
 307 00fa 1360     		str	r3, [r2]
 308              	.L7:
 134:main.c        ****                     /*if desired amount of samples have been collected, switch states*/
 135:main.c        ****                 }
 136:main.c        ****     }
 309              		.loc 1 136 0
 310 00fc A1E7     		b	.L12
 311              	.L14:
 312 00fe 00BF     		.align	2
 313              	.L13:
 314 0100 00000000 		.word	timer_handle
 315 0104 00000000 		.word	flag
 316 0108 00000000 		.word	id
 317 010c 00000000 		.word	sum
 318 0110 89888888 		.word	-2004318071
 319 0114 00000000 		.word	average
 320              		.cfi_endproc
ARM GAS  C:\Users\gding\AppData\Local\Temp\cch8nnhn.s 			page 9


 321              	.LFE65:
 322              		.size	main, .-main
 323              		.text
 324              	.Letext0:
 325              		.file 2 "c:\\program files (x86)\\cypress\\psoc creator\\4.0\\psoc creator\\import\\gnu\\arm\\4.9.
 326              		.file 3 "c:\\program files (x86)\\cypress\\psoc creator\\4.0\\psoc creator\\import\\gnu\\arm\\4.9.
 327              		.file 4 "Generated_Source\\PSoC5/cytypes.h"
 328              		.file 5 "Generated_Source\\PSoC5/core_cm3.h"
 329              		.file 6 "./mpu6050.h"
 330              		.section	.debug_info,"",%progbits
 331              	.Ldebug_info0:
 332 0000 2C020000 		.4byte	0x22c
 333 0004 0400     		.2byte	0x4
 334 0006 00000000 		.4byte	.Ldebug_abbrev0
 335 000a 04       		.byte	0x4
 336 000b 01       		.uleb128 0x1
 337 000c 2F000000 		.4byte	.LASF29
 338 0010 01       		.byte	0x1
 339 0011 DF010000 		.4byte	.LASF30
 340 0015 15010000 		.4byte	.LASF31
 341 0019 00000000 		.4byte	.Ldebug_ranges0+0
 342 001d 00000000 		.4byte	0
 343 0021 00000000 		.4byte	.Ldebug_line0
 344 0025 02       		.uleb128 0x2
 345 0026 01       		.byte	0x1
 346 0027 06       		.byte	0x6
 347 0028 09020000 		.4byte	.LASF0
 348 002c 03       		.uleb128 0x3
 349 002d 07000000 		.4byte	.LASF2
 350 0031 02       		.byte	0x2
 351 0032 1D       		.byte	0x1d
 352 0033 37000000 		.4byte	0x37
 353 0037 02       		.uleb128 0x2
 354 0038 01       		.byte	0x1
 355 0039 08       		.byte	0x8
 356 003a C3000000 		.4byte	.LASF1
 357 003e 03       		.uleb128 0x3
 358 003f 11000000 		.4byte	.LASF3
 359 0043 02       		.byte	0x2
 360 0044 29       		.byte	0x29
 361 0045 49000000 		.4byte	0x49
 362 0049 02       		.uleb128 0x2
 363 004a 02       		.byte	0x2
 364 004b 05       		.byte	0x5
 365 004c 64010000 		.4byte	.LASF4
 366 0050 02       		.uleb128 0x2
 367 0051 02       		.byte	0x2
 368 0052 07       		.byte	0x7
 369 0053 E8000000 		.4byte	.LASF5
 370 0057 03       		.uleb128 0x3
 371 0058 25000000 		.4byte	.LASF6
 372 005c 02       		.byte	0x2
 373 005d 3F       		.byte	0x3f
 374 005e 62000000 		.4byte	0x62
 375 0062 02       		.uleb128 0x2
 376 0063 04       		.byte	0x4
 377 0064 05       		.byte	0x5
ARM GAS  C:\Users\gding\AppData\Local\Temp\cch8nnhn.s 			page 10


 378 0065 FB010000 		.4byte	.LASF7
 379 0069 02       		.uleb128 0x2
 380 006a 04       		.byte	0x4
 381 006b 07       		.byte	0x7
 382 006c D6000000 		.4byte	.LASF8
 383 0070 02       		.uleb128 0x2
 384 0071 08       		.byte	0x8
 385 0072 05       		.byte	0x5
 386 0073 D1010000 		.4byte	.LASF9
 387 0077 02       		.uleb128 0x2
 388 0078 08       		.byte	0x8
 389 0079 07       		.byte	0x7
 390 007a 91010000 		.4byte	.LASF10
 391 007e 04       		.uleb128 0x4
 392 007f 04       		.byte	0x4
 393 0080 05       		.byte	0x5
 394 0081 696E7400 		.ascii	"int\000"
 395 0085 02       		.uleb128 0x2
 396 0086 04       		.byte	0x4
 397 0087 07       		.byte	0x7
 398 0088 84010000 		.4byte	.LASF11
 399 008c 03       		.uleb128 0x3
 400 008d A8010000 		.4byte	.LASF12
 401 0091 03       		.byte	0x3
 402 0092 15       		.byte	0x15
 403 0093 2C000000 		.4byte	0x2c
 404 0097 03       		.uleb128 0x3
 405 0098 B8010000 		.4byte	.LASF13
 406 009c 03       		.byte	0x3
 407 009d 20       		.byte	0x20
 408 009e 3E000000 		.4byte	0x3e
 409 00a2 03       		.uleb128 0x3
 410 00a3 C0010000 		.4byte	.LASF14
 411 00a7 03       		.byte	0x3
 412 00a8 2C       		.byte	0x2c
 413 00a9 57000000 		.4byte	0x57
 414 00ad 05       		.uleb128 0x5
 415 00ae F5010000 		.4byte	.LASF15
 416 00b2 04       		.byte	0x4
 417 00b3 9201     		.2byte	0x192
 418 00b5 37000000 		.4byte	0x37
 419 00b9 05       		.uleb128 0x5
 420 00ba 6E010000 		.4byte	.LASF16
 421 00be 04       		.byte	0x4
 422 00bf 9301     		.2byte	0x193
 423 00c1 50000000 		.4byte	0x50
 424 00c5 02       		.uleb128 0x2
 425 00c6 04       		.byte	0x4
 426 00c7 04       		.byte	0x4
 427 00c8 BD000000 		.4byte	.LASF17
 428 00cc 02       		.uleb128 0x2
 429 00cd 08       		.byte	0x8
 430 00ce 04       		.byte	0x4
 431 00cf 5D010000 		.4byte	.LASF18
 432 00d3 02       		.uleb128 0x2
 433 00d4 01       		.byte	0x1
 434 00d5 08       		.byte	0x8
ARM GAS  C:\Users\gding\AppData\Local\Temp\cch8nnhn.s 			page 11


 435 00d6 04020000 		.4byte	.LASF19
 436 00da 05       		.uleb128 0x5
 437 00db D1000000 		.4byte	.LASF20
 438 00df 04       		.byte	0x4
 439 00e0 3C02     		.2byte	0x23c
 440 00e2 E6000000 		.4byte	0xe6
 441 00e6 06       		.uleb128 0x6
 442 00e7 AD000000 		.4byte	0xad
 443 00eb 02       		.uleb128 0x2
 444 00ec 04       		.byte	0x4
 445 00ed 07       		.byte	0x7
 446 00ee C8010000 		.4byte	.LASF21
 447 00f2 07       		.uleb128 0x7
 448 00f3 FB000000 		.4byte	.LASF32
 449 00f7 01       		.byte	0x1
 450 00f8 3C       		.byte	0x3c
 451 00f9 00000000 		.4byte	.LFB63
 452 00fd 20000000 		.4byte	.LFE63-.LFB63
 453 0101 01       		.uleb128 0x1
 454 0102 9C       		.byte	0x9c
 455 0103 08       		.uleb128 0x8
 456 0104 1B000000 		.4byte	.LASF33
 457 0108 01       		.byte	0x1
 458 0109 41       		.byte	0x41
 459 010a 97000000 		.4byte	0x97
 460 010e 00000000 		.4byte	.LFB64
 461 0112 4E000000 		.4byte	.LFE64-.LFB64
 462 0116 01       		.uleb128 0x1
 463 0117 9C       		.byte	0x9c
 464 0118 45010000 		.4byte	0x145
 465 011c 09       		.uleb128 0x9
 466 011d 61766700 		.ascii	"avg\000"
 467 0121 01       		.byte	0x1
 468 0122 41       		.byte	0x41
 469 0123 97000000 		.4byte	0x97
 470 0127 02       		.uleb128 0x2
 471 0128 91       		.byte	0x91
 472 0129 76       		.sleb128 -10
 473 012a 09       		.uleb128 0x9
 474 012b 6E00     		.ascii	"n\000"
 475 012d 01       		.byte	0x1
 476 012e 41       		.byte	0x41
 477 012f 97000000 		.4byte	0x97
 478 0133 02       		.uleb128 0x2
 479 0134 91       		.byte	0x91
 480 0135 74       		.sleb128 -12
 481 0136 0A       		.uleb128 0xa
 482 0137 00000000 		.4byte	.LASF22
 483 013b 01       		.byte	0x1
 484 013c 41       		.byte	0x41
 485 013d 97000000 		.4byte	0x97
 486 0141 02       		.uleb128 0x2
 487 0142 91       		.byte	0x91
 488 0143 72       		.sleb128 -14
 489 0144 00       		.byte	0
 490 0145 0B       		.uleb128 0xb
 491 0146 7A010000 		.4byte	.LASF34
ARM GAS  C:\Users\gding\AppData\Local\Temp\cch8nnhn.s 			page 12


 492 014a 01       		.byte	0x1
 493 014b 4B       		.byte	0x4b
 494 014c 7E000000 		.4byte	0x7e
 495 0150 00000000 		.4byte	.LFB65
 496 0154 18010000 		.4byte	.LFE65-.LFB65
 497 0158 01       		.uleb128 0x1
 498 0159 9C       		.byte	0x9c
 499 015a 97010000 		.4byte	0x197
 500 015e 0C       		.uleb128 0xc
 501 015f 617800   		.ascii	"ax\000"
 502 0162 01       		.byte	0x1
 503 0163 4D       		.byte	0x4d
 504 0164 97000000 		.4byte	0x97
 505 0168 0C       		.uleb128 0xc
 506 0169 617900   		.ascii	"ay\000"
 507 016c 01       		.byte	0x1
 508 016d 4D       		.byte	0x4d
 509 016e 97000000 		.4byte	0x97
 510 0172 0D       		.uleb128 0xd
 511 0173 617A00   		.ascii	"az\000"
 512 0176 01       		.byte	0x1
 513 0177 4D       		.byte	0x4d
 514 0178 97000000 		.4byte	0x97
 515 017c 02       		.uleb128 0x2
 516 017d 91       		.byte	0x91
 517 017e 76       		.sleb128 -10
 518 017f 0C       		.uleb128 0xc
 519 0180 6900     		.ascii	"i\000"
 520 0182 01       		.byte	0x1
 521 0183 4D       		.byte	0x4d
 522 0184 97000000 		.4byte	0x97
 523 0188 0E       		.uleb128 0xe
 524 0189 7F010000 		.4byte	.LASF23
 525 018d 01       		.byte	0x1
 526 018e 5A       		.byte	0x5a
 527 018f 97010000 		.4byte	0x197
 528 0193 02       		.uleb128 0x2
 529 0194 91       		.byte	0x91
 530 0195 60       		.sleb128 -32
 531 0196 00       		.byte	0
 532 0197 0F       		.uleb128 0xf
 533 0198 D3000000 		.4byte	0xd3
 534 019c A7010000 		.4byte	0x1a7
 535 01a0 10       		.uleb128 0x10
 536 01a1 EB000000 		.4byte	0xeb
 537 01a5 13       		.byte	0x13
 538 01a6 00       		.byte	0
 539 01a7 11       		.uleb128 0x11
 540 01a8 08010000 		.4byte	.LASF24
 541 01ac 05       		.byte	0x5
 542 01ad 9606     		.2byte	0x696
 543 01af B3010000 		.4byte	0x1b3
 544 01b3 06       		.uleb128 0x6
 545 01b4 A2000000 		.4byte	0xa2
 546 01b8 12       		.uleb128 0x12
 547 01b9 E6010000 		.4byte	.LASF25
 548 01bd 06       		.byte	0x6
ARM GAS  C:\Users\gding\AppData\Local\Temp\cch8nnhn.s 			page 13


 549 01be 9101     		.2byte	0x191
 550 01c0 8C000000 		.4byte	0x8c
 551 01c4 05       		.uleb128 0x5
 552 01c5 03       		.byte	0x3
 553 01c6 00000000 		.4byte	devAddr
 554 01ca 0F       		.uleb128 0xf
 555 01cb 8C000000 		.4byte	0x8c
 556 01cf DA010000 		.4byte	0x1da
 557 01d3 10       		.uleb128 0x10
 558 01d4 EB000000 		.4byte	0xeb
 559 01d8 15       		.byte	0x15
 560 01d9 00       		.byte	0
 561 01da 12       		.uleb128 0x12
 562 01db EE010000 		.4byte	.LASF26
 563 01df 06       		.byte	0x6
 564 01e0 9201     		.2byte	0x192
 565 01e2 CA010000 		.4byte	0x1ca
 566 01e6 05       		.uleb128 0x5
 567 01e7 03       		.byte	0x3
 568 01e8 00000000 		.4byte	buffer
 569 01ec 13       		.uleb128 0x13
 570 01ed 75010000 		.4byte	.LASF27
 571 01f1 01       		.byte	0x1
 572 01f2 3A       		.byte	0x3a
 573 01f3 7E000000 		.4byte	0x7e
 574 01f7 05       		.uleb128 0x5
 575 01f8 03       		.byte	0x3
 576 01f9 00000000 		.4byte	flag
 577 01fd 14       		.uleb128 0x14
 578 01fe 73756D00 		.ascii	"sum\000"
 579 0202 01       		.byte	0x1
 580 0203 47       		.byte	0x47
 581 0204 62000000 		.4byte	0x62
 582 0208 05       		.uleb128 0x5
 583 0209 03       		.byte	0x3
 584 020a 00000000 		.4byte	sum
 585 020e 13       		.uleb128 0x13
 586 020f B0010000 		.4byte	.LASF28
 587 0213 01       		.byte	0x1
 588 0214 48       		.byte	0x48
 589 0215 97000000 		.4byte	0x97
 590 0219 05       		.uleb128 0x5
 591 021a 03       		.byte	0x3
 592 021b 00000000 		.4byte	average
 593 021f 14       		.uleb128 0x14
 594 0220 696400   		.ascii	"id\000"
 595 0223 01       		.byte	0x1
 596 0224 49       		.byte	0x49
 597 0225 62000000 		.4byte	0x62
 598 0229 05       		.uleb128 0x5
 599 022a 03       		.byte	0x3
 600 022b 00000000 		.4byte	id
 601 022f 00       		.byte	0
 602              		.section	.debug_abbrev,"",%progbits
 603              	.Ldebug_abbrev0:
 604 0000 01       		.uleb128 0x1
 605 0001 11       		.uleb128 0x11
ARM GAS  C:\Users\gding\AppData\Local\Temp\cch8nnhn.s 			page 14


 606 0002 01       		.byte	0x1
 607 0003 25       		.uleb128 0x25
 608 0004 0E       		.uleb128 0xe
 609 0005 13       		.uleb128 0x13
 610 0006 0B       		.uleb128 0xb
 611 0007 03       		.uleb128 0x3
 612 0008 0E       		.uleb128 0xe
 613 0009 1B       		.uleb128 0x1b
 614 000a 0E       		.uleb128 0xe
 615 000b 55       		.uleb128 0x55
 616 000c 17       		.uleb128 0x17
 617 000d 11       		.uleb128 0x11
 618 000e 01       		.uleb128 0x1
 619 000f 10       		.uleb128 0x10
 620 0010 17       		.uleb128 0x17
 621 0011 00       		.byte	0
 622 0012 00       		.byte	0
 623 0013 02       		.uleb128 0x2
 624 0014 24       		.uleb128 0x24
 625 0015 00       		.byte	0
 626 0016 0B       		.uleb128 0xb
 627 0017 0B       		.uleb128 0xb
 628 0018 3E       		.uleb128 0x3e
 629 0019 0B       		.uleb128 0xb
 630 001a 03       		.uleb128 0x3
 631 001b 0E       		.uleb128 0xe
 632 001c 00       		.byte	0
 633 001d 00       		.byte	0
 634 001e 03       		.uleb128 0x3
 635 001f 16       		.uleb128 0x16
 636 0020 00       		.byte	0
 637 0021 03       		.uleb128 0x3
 638 0022 0E       		.uleb128 0xe
 639 0023 3A       		.uleb128 0x3a
 640 0024 0B       		.uleb128 0xb
 641 0025 3B       		.uleb128 0x3b
 642 0026 0B       		.uleb128 0xb
 643 0027 49       		.uleb128 0x49
 644 0028 13       		.uleb128 0x13
 645 0029 00       		.byte	0
 646 002a 00       		.byte	0
 647 002b 04       		.uleb128 0x4
 648 002c 24       		.uleb128 0x24
 649 002d 00       		.byte	0
 650 002e 0B       		.uleb128 0xb
 651 002f 0B       		.uleb128 0xb
 652 0030 3E       		.uleb128 0x3e
 653 0031 0B       		.uleb128 0xb
 654 0032 03       		.uleb128 0x3
 655 0033 08       		.uleb128 0x8
 656 0034 00       		.byte	0
 657 0035 00       		.byte	0
 658 0036 05       		.uleb128 0x5
 659 0037 16       		.uleb128 0x16
 660 0038 00       		.byte	0
 661 0039 03       		.uleb128 0x3
 662 003a 0E       		.uleb128 0xe
ARM GAS  C:\Users\gding\AppData\Local\Temp\cch8nnhn.s 			page 15


 663 003b 3A       		.uleb128 0x3a
 664 003c 0B       		.uleb128 0xb
 665 003d 3B       		.uleb128 0x3b
 666 003e 05       		.uleb128 0x5
 667 003f 49       		.uleb128 0x49
 668 0040 13       		.uleb128 0x13
 669 0041 00       		.byte	0
 670 0042 00       		.byte	0
 671 0043 06       		.uleb128 0x6
 672 0044 35       		.uleb128 0x35
 673 0045 00       		.byte	0
 674 0046 49       		.uleb128 0x49
 675 0047 13       		.uleb128 0x13
 676 0048 00       		.byte	0
 677 0049 00       		.byte	0
 678 004a 07       		.uleb128 0x7
 679 004b 2E       		.uleb128 0x2e
 680 004c 00       		.byte	0
 681 004d 3F       		.uleb128 0x3f
 682 004e 19       		.uleb128 0x19
 683 004f 03       		.uleb128 0x3
 684 0050 0E       		.uleb128 0xe
 685 0051 3A       		.uleb128 0x3a
 686 0052 0B       		.uleb128 0xb
 687 0053 3B       		.uleb128 0x3b
 688 0054 0B       		.uleb128 0xb
 689 0055 27       		.uleb128 0x27
 690 0056 19       		.uleb128 0x19
 691 0057 11       		.uleb128 0x11
 692 0058 01       		.uleb128 0x1
 693 0059 12       		.uleb128 0x12
 694 005a 06       		.uleb128 0x6
 695 005b 40       		.uleb128 0x40
 696 005c 18       		.uleb128 0x18
 697 005d 9742     		.uleb128 0x2117
 698 005f 19       		.uleb128 0x19
 699 0060 00       		.byte	0
 700 0061 00       		.byte	0
 701 0062 08       		.uleb128 0x8
 702 0063 2E       		.uleb128 0x2e
 703 0064 01       		.byte	0x1
 704 0065 3F       		.uleb128 0x3f
 705 0066 19       		.uleb128 0x19
 706 0067 03       		.uleb128 0x3
 707 0068 0E       		.uleb128 0xe
 708 0069 3A       		.uleb128 0x3a
 709 006a 0B       		.uleb128 0xb
 710 006b 3B       		.uleb128 0x3b
 711 006c 0B       		.uleb128 0xb
 712 006d 27       		.uleb128 0x27
 713 006e 19       		.uleb128 0x19
 714 006f 49       		.uleb128 0x49
 715 0070 13       		.uleb128 0x13
 716 0071 11       		.uleb128 0x11
 717 0072 01       		.uleb128 0x1
 718 0073 12       		.uleb128 0x12
 719 0074 06       		.uleb128 0x6
ARM GAS  C:\Users\gding\AppData\Local\Temp\cch8nnhn.s 			page 16


 720 0075 40       		.uleb128 0x40
 721 0076 18       		.uleb128 0x18
 722 0077 9742     		.uleb128 0x2117
 723 0079 19       		.uleb128 0x19
 724 007a 01       		.uleb128 0x1
 725 007b 13       		.uleb128 0x13
 726 007c 00       		.byte	0
 727 007d 00       		.byte	0
 728 007e 09       		.uleb128 0x9
 729 007f 05       		.uleb128 0x5
 730 0080 00       		.byte	0
 731 0081 03       		.uleb128 0x3
 732 0082 08       		.uleb128 0x8
 733 0083 3A       		.uleb128 0x3a
 734 0084 0B       		.uleb128 0xb
 735 0085 3B       		.uleb128 0x3b
 736 0086 0B       		.uleb128 0xb
 737 0087 49       		.uleb128 0x49
 738 0088 13       		.uleb128 0x13
 739 0089 02       		.uleb128 0x2
 740 008a 18       		.uleb128 0x18
 741 008b 00       		.byte	0
 742 008c 00       		.byte	0
 743 008d 0A       		.uleb128 0xa
 744 008e 05       		.uleb128 0x5
 745 008f 00       		.byte	0
 746 0090 03       		.uleb128 0x3
 747 0091 0E       		.uleb128 0xe
 748 0092 3A       		.uleb128 0x3a
 749 0093 0B       		.uleb128 0xb
 750 0094 3B       		.uleb128 0x3b
 751 0095 0B       		.uleb128 0xb
 752 0096 49       		.uleb128 0x49
 753 0097 13       		.uleb128 0x13
 754 0098 02       		.uleb128 0x2
 755 0099 18       		.uleb128 0x18
 756 009a 00       		.byte	0
 757 009b 00       		.byte	0
 758 009c 0B       		.uleb128 0xb
 759 009d 2E       		.uleb128 0x2e
 760 009e 01       		.byte	0x1
 761 009f 3F       		.uleb128 0x3f
 762 00a0 19       		.uleb128 0x19
 763 00a1 03       		.uleb128 0x3
 764 00a2 0E       		.uleb128 0xe
 765 00a3 3A       		.uleb128 0x3a
 766 00a4 0B       		.uleb128 0xb
 767 00a5 3B       		.uleb128 0x3b
 768 00a6 0B       		.uleb128 0xb
 769 00a7 49       		.uleb128 0x49
 770 00a8 13       		.uleb128 0x13
 771 00a9 11       		.uleb128 0x11
 772 00aa 01       		.uleb128 0x1
 773 00ab 12       		.uleb128 0x12
 774 00ac 06       		.uleb128 0x6
 775 00ad 40       		.uleb128 0x40
 776 00ae 18       		.uleb128 0x18
ARM GAS  C:\Users\gding\AppData\Local\Temp\cch8nnhn.s 			page 17


 777 00af 9642     		.uleb128 0x2116
 778 00b1 19       		.uleb128 0x19
 779 00b2 01       		.uleb128 0x1
 780 00b3 13       		.uleb128 0x13
 781 00b4 00       		.byte	0
 782 00b5 00       		.byte	0
 783 00b6 0C       		.uleb128 0xc
 784 00b7 34       		.uleb128 0x34
 785 00b8 00       		.byte	0
 786 00b9 03       		.uleb128 0x3
 787 00ba 08       		.uleb128 0x8
 788 00bb 3A       		.uleb128 0x3a
 789 00bc 0B       		.uleb128 0xb
 790 00bd 3B       		.uleb128 0x3b
 791 00be 0B       		.uleb128 0xb
 792 00bf 49       		.uleb128 0x49
 793 00c0 13       		.uleb128 0x13
 794 00c1 00       		.byte	0
 795 00c2 00       		.byte	0
 796 00c3 0D       		.uleb128 0xd
 797 00c4 34       		.uleb128 0x34
 798 00c5 00       		.byte	0
 799 00c6 03       		.uleb128 0x3
 800 00c7 08       		.uleb128 0x8
 801 00c8 3A       		.uleb128 0x3a
 802 00c9 0B       		.uleb128 0xb
 803 00ca 3B       		.uleb128 0x3b
 804 00cb 0B       		.uleb128 0xb
 805 00cc 49       		.uleb128 0x49
 806 00cd 13       		.uleb128 0x13
 807 00ce 02       		.uleb128 0x2
 808 00cf 18       		.uleb128 0x18
 809 00d0 00       		.byte	0
 810 00d1 00       		.byte	0
 811 00d2 0E       		.uleb128 0xe
 812 00d3 34       		.uleb128 0x34
 813 00d4 00       		.byte	0
 814 00d5 03       		.uleb128 0x3
 815 00d6 0E       		.uleb128 0xe
 816 00d7 3A       		.uleb128 0x3a
 817 00d8 0B       		.uleb128 0xb
 818 00d9 3B       		.uleb128 0x3b
 819 00da 0B       		.uleb128 0xb
 820 00db 49       		.uleb128 0x49
 821 00dc 13       		.uleb128 0x13
 822 00dd 02       		.uleb128 0x2
 823 00de 18       		.uleb128 0x18
 824 00df 00       		.byte	0
 825 00e0 00       		.byte	0
 826 00e1 0F       		.uleb128 0xf
 827 00e2 01       		.uleb128 0x1
 828 00e3 01       		.byte	0x1
 829 00e4 49       		.uleb128 0x49
 830 00e5 13       		.uleb128 0x13
 831 00e6 01       		.uleb128 0x1
 832 00e7 13       		.uleb128 0x13
 833 00e8 00       		.byte	0
ARM GAS  C:\Users\gding\AppData\Local\Temp\cch8nnhn.s 			page 18


 834 00e9 00       		.byte	0
 835 00ea 10       		.uleb128 0x10
 836 00eb 21       		.uleb128 0x21
 837 00ec 00       		.byte	0
 838 00ed 49       		.uleb128 0x49
 839 00ee 13       		.uleb128 0x13
 840 00ef 2F       		.uleb128 0x2f
 841 00f0 0B       		.uleb128 0xb
 842 00f1 00       		.byte	0
 843 00f2 00       		.byte	0
 844 00f3 11       		.uleb128 0x11
 845 00f4 34       		.uleb128 0x34
 846 00f5 00       		.byte	0
 847 00f6 03       		.uleb128 0x3
 848 00f7 0E       		.uleb128 0xe
 849 00f8 3A       		.uleb128 0x3a
 850 00f9 0B       		.uleb128 0xb
 851 00fa 3B       		.uleb128 0x3b
 852 00fb 05       		.uleb128 0x5
 853 00fc 49       		.uleb128 0x49
 854 00fd 13       		.uleb128 0x13
 855 00fe 3F       		.uleb128 0x3f
 856 00ff 19       		.uleb128 0x19
 857 0100 3C       		.uleb128 0x3c
 858 0101 19       		.uleb128 0x19
 859 0102 00       		.byte	0
 860 0103 00       		.byte	0
 861 0104 12       		.uleb128 0x12
 862 0105 34       		.uleb128 0x34
 863 0106 00       		.byte	0
 864 0107 03       		.uleb128 0x3
 865 0108 0E       		.uleb128 0xe
 866 0109 3A       		.uleb128 0x3a
 867 010a 0B       		.uleb128 0xb
 868 010b 3B       		.uleb128 0x3b
 869 010c 05       		.uleb128 0x5
 870 010d 49       		.uleb128 0x49
 871 010e 13       		.uleb128 0x13
 872 010f 3F       		.uleb128 0x3f
 873 0110 19       		.uleb128 0x19
 874 0111 02       		.uleb128 0x2
 875 0112 18       		.uleb128 0x18
 876 0113 00       		.byte	0
 877 0114 00       		.byte	0
 878 0115 13       		.uleb128 0x13
 879 0116 34       		.uleb128 0x34
 880 0117 00       		.byte	0
 881 0118 03       		.uleb128 0x3
 882 0119 0E       		.uleb128 0xe
 883 011a 3A       		.uleb128 0x3a
 884 011b 0B       		.uleb128 0xb
 885 011c 3B       		.uleb128 0x3b
 886 011d 0B       		.uleb128 0xb
 887 011e 49       		.uleb128 0x49
 888 011f 13       		.uleb128 0x13
 889 0120 3F       		.uleb128 0x3f
 890 0121 19       		.uleb128 0x19
ARM GAS  C:\Users\gding\AppData\Local\Temp\cch8nnhn.s 			page 19


 891 0122 02       		.uleb128 0x2
 892 0123 18       		.uleb128 0x18
 893 0124 00       		.byte	0
 894 0125 00       		.byte	0
 895 0126 14       		.uleb128 0x14
 896 0127 34       		.uleb128 0x34
 897 0128 00       		.byte	0
 898 0129 03       		.uleb128 0x3
 899 012a 08       		.uleb128 0x8
 900 012b 3A       		.uleb128 0x3a
 901 012c 0B       		.uleb128 0xb
 902 012d 3B       		.uleb128 0x3b
 903 012e 0B       		.uleb128 0xb
 904 012f 49       		.uleb128 0x49
 905 0130 13       		.uleb128 0x13
 906 0131 3F       		.uleb128 0x3f
 907 0132 19       		.uleb128 0x19
 908 0133 02       		.uleb128 0x2
 909 0134 18       		.uleb128 0x18
 910 0135 00       		.byte	0
 911 0136 00       		.byte	0
 912 0137 00       		.byte	0
 913              		.section	.debug_aranges,"",%progbits
 914 0000 2C000000 		.4byte	0x2c
 915 0004 0200     		.2byte	0x2
 916 0006 00000000 		.4byte	.Ldebug_info0
 917 000a 04       		.byte	0x4
 918 000b 00       		.byte	0
 919 000c 0000     		.2byte	0
 920 000e 0000     		.2byte	0
 921 0010 00000000 		.4byte	.LFB63
 922 0014 20000000 		.4byte	.LFE63-.LFB63
 923 0018 00000000 		.4byte	.LFB64
 924 001c 4E000000 		.4byte	.LFE64-.LFB64
 925 0020 00000000 		.4byte	.LFB65
 926 0024 18010000 		.4byte	.LFE65-.LFB65
 927 0028 00000000 		.4byte	0
 928 002c 00000000 		.4byte	0
 929              		.section	.debug_ranges,"",%progbits
 930              	.Ldebug_ranges0:
 931 0000 00000000 		.4byte	.LFB63
 932 0004 20000000 		.4byte	.LFE63
 933 0008 00000000 		.4byte	.LFB64
 934 000c 4E000000 		.4byte	.LFE64
 935 0010 00000000 		.4byte	.LFB65
 936 0014 18010000 		.4byte	.LFE65
 937 0018 00000000 		.4byte	0
 938 001c 00000000 		.4byte	0
 939              		.section	.debug_line,"",%progbits
 940              	.Ldebug_line0:
 941 0000 AD010000 		.section	.debug_str,"MS",%progbits,1
 941      02005601 
 941      00000201 
 941      FB0E0D00 
 941      01010101 
 942              	.LASF22:
 943 0000 73616D70 		.ascii	"sample\000"
ARM GAS  C:\Users\gding\AppData\Local\Temp\cch8nnhn.s 			page 20


 943      6C6500
 944              	.LASF2:
 945 0007 5F5F7569 		.ascii	"__uint8_t\000"
 945      6E74385F 
 945      7400
 946              	.LASF3:
 947 0011 5F5F696E 		.ascii	"__int16_t\000"
 947      7431365F 
 947      7400
 948              	.LASF33:
 949 001b 436F6D70 		.ascii	"ComputeMA\000"
 949      7574654D 
 949      4100
 950              	.LASF6:
 951 0025 5F5F696E 		.ascii	"__int32_t\000"
 951      7433325F 
 951      7400
 952              	.LASF29:
 953 002f 474E5520 		.ascii	"GNU C 4.9.3 20150303 (release) [ARM/embedded-4_9-br"
 953      4320342E 
 953      392E3320 
 953      32303135 
 953      30333033 
 954 0062 616E6368 		.ascii	"anch revision 221220] -mcpu=cortex-m3 -mthumb -g -O"
 954      20726576 
 954      6973696F 
 954      6E203232 
 954      31323230 
 955 0095 30202D66 		.ascii	"0 -ffunction-sections -ffat-lto-objects\000"
 955      66756E63 
 955      74696F6E 
 955      2D736563 
 955      74696F6E 
 956              	.LASF17:
 957 00bd 666C6F61 		.ascii	"float\000"
 957      7400
 958              	.LASF1:
 959 00c3 756E7369 		.ascii	"unsigned char\000"
 959      676E6564 
 959      20636861 
 959      7200
 960              	.LASF20:
 961 00d1 72656738 		.ascii	"reg8\000"
 961      00
 962              	.LASF8:
 963 00d6 6C6F6E67 		.ascii	"long unsigned int\000"
 963      20756E73 
 963      69676E65 
 963      6420696E 
 963      7400
 964              	.LASF5:
 965 00e8 73686F72 		.ascii	"short unsigned int\000"
 965      7420756E 
 965      7369676E 
 965      65642069 
 965      6E7400
 966              	.LASF32:
ARM GAS  C:\Users\gding\AppData\Local\Temp\cch8nnhn.s 			page 21


 967 00fb 74696D65 		.ascii	"timer_handle\000"
 967      725F6861 
 967      6E646C65 
 967      00
 968              	.LASF24:
 969 0108 49544D5F 		.ascii	"ITM_RxBuffer\000"
 969      52784275 
 969      66666572 
 969      00
 970              	.LASF31:
 971 0115 433A5C55 		.ascii	"C:\\Users\\gding\\Downloads\\Testing\\OVac.cydsn\\A"
 971      73657273 
 971      5C676469 
 971      6E675C44 
 971      6F776E6C 
 972 0142 44435F53 		.ascii	"DC_SingleEndedMode01.cydsn\000"
 972      696E676C 
 972      65456E64 
 972      65644D6F 
 972      64653031 
 973              	.LASF18:
 974 015d 646F7562 		.ascii	"double\000"
 974      6C6500
 975              	.LASF4:
 976 0164 73686F72 		.ascii	"short int\000"
 976      7420696E 
 976      7400
 977              	.LASF16:
 978 016e 75696E74 		.ascii	"uint16\000"
 978      313600
 979              	.LASF27:
 980 0175 666C6167 		.ascii	"flag\000"
 980      00
 981              	.LASF34:
 982 017a 6D61696E 		.ascii	"main\000"
 982      00
 983              	.LASF23:
 984 017f 74657374 		.ascii	"test\000"
 984      00
 985              	.LASF11:
 986 0184 756E7369 		.ascii	"unsigned int\000"
 986      676E6564 
 986      20696E74 
 986      00
 987              	.LASF10:
 988 0191 6C6F6E67 		.ascii	"long long unsigned int\000"
 988      206C6F6E 
 988      6720756E 
 988      7369676E 
 988      65642069 
 989              	.LASF12:
 990 01a8 75696E74 		.ascii	"uint8_t\000"
 990      385F7400 
 991              	.LASF28:
 992 01b0 61766572 		.ascii	"average\000"
 992      61676500 
 993              	.LASF13:
ARM GAS  C:\Users\gding\AppData\Local\Temp\cch8nnhn.s 			page 22


 994 01b8 696E7431 		.ascii	"int16_t\000"
 994      365F7400 
 995              	.LASF14:
 996 01c0 696E7433 		.ascii	"int32_t\000"
 996      325F7400 
 997              	.LASF21:
 998 01c8 73697A65 		.ascii	"sizetype\000"
 998      74797065 
 998      00
 999              	.LASF9:
 1000 01d1 6C6F6E67 		.ascii	"long long int\000"
 1000      206C6F6E 
 1000      6720696E 
 1000      7400
 1001              	.LASF30:
 1002 01df 6D61696E 		.ascii	"main.c\000"
 1002      2E6300
 1003              	.LASF25:
 1004 01e6 64657641 		.ascii	"devAddr\000"
 1004      64647200 
 1005              	.LASF26:
 1006 01ee 62756666 		.ascii	"buffer\000"
 1006      657200
 1007              	.LASF15:
 1008 01f5 75696E74 		.ascii	"uint8\000"
 1008      3800
 1009              	.LASF7:
 1010 01fb 6C6F6E67 		.ascii	"long int\000"
 1010      20696E74 
 1010      00
 1011              	.LASF19:
 1012 0204 63686172 		.ascii	"char\000"
 1012      00
 1013              	.LASF0:
 1014 0209 7369676E 		.ascii	"signed char\000"
 1014      65642063 
 1014      68617200 
 1015              		.ident	"GCC: (GNU Tools for ARM Embedded Processors) 4.9.3 20150303 (release) [ARM/embedded-4_9-br
