--------------- Rebuild Started: 04/23/2017 14:05:32 Project: ADC_SingleEndedMode01, Configuration: ARM GCC 4.9-2015-q1-update Debug ---------------
Deleting file ".\ADC_SingleEndedMode01.cycdx"
Deleting file ".\ADC_SingleEndedMode01.svd"
Deleting file ".\ADC_SingleEndedMode01.rpt"
Deleting file ".\ADC_SingleEndedMode01_timing.html"
cydsfit.exe -.appdatapath "C:\Users\airamire\AppData\Local\Cypress Semiconductor\PSoC Creator\4.0" -.fdsnotice -.fdswarpdepfile=warp_dependencies.txt -.fdselabdepfile=elab_dependencies.txt -.fdsbldfile=generated_files.txt -.fdsreffile=referenced_files.txt -p C:\Users\airamire\Documents\GitHub\OVac.cydsn\ADC_SingleEndedMode01.cydsn\ADC_SingleEndedMode01.cyprj -d CY8C5868LTI-LP039 -s C:\Users\airamire\Documents\GitHub\OVac.cydsn\ADC_SingleEndedMode01.cydsn\Generated_Source\PSoC5 -- -yv2 -q10 -ygs -o2 -v3 -.fftcfgtype=LE
Elaborating Design...
HDL Generation...
Synthesis...
Tech Mapping...
Analog Placement...
Info: apr.M0002: Analog signal "\ADC_DelSig_1:Net_35\" is connected to one terminal only. (App=cydsfit)
Analog Routing...
Analog Code Generation...
Digital Placement...
Digital Routing...
Bitstream Generation...
Bitstream Verification...
Static timing analysis...
API Generation...
Dependency Generation...
Cleanup...
arm-none-eabi-gcc.exe -mcpu=cortex-m3 -mthumb -I. -IGenerated_Source\PSoC5 -Wa,-alh=.\ARM_GCC_493\Debug/main.lst -g -ffunction-sections -O0 -ffat-lto-objects -c main.c -o .\ARM_GCC_493\Debug\main.o
main.c:53:21: fatal error: mpu6050.h: No such file or directory
 #include <mpu6050.h>
                     ^
compilation terminated.
The command 'arm-none-eabi-gcc.exe' failed with exit code '1'.
--------------- Rebuild Failed: 04/23/2017 14:05:40 ---------------
