ARM GAS  C:\Users\jwgutter\AppData\Local\Temp\cc6rYB1P.s 			page 1


   1              		.syntax unified
   2              		.cpu cortex-m3
   3              		.fpu softvfp
   4              		.eabi_attribute 20, 1
   5              		.eabi_attribute 21, 1
   6              		.eabi_attribute 23, 3
   7              		.eabi_attribute 24, 1
   8              		.eabi_attribute 25, 1
   9              		.eabi_attribute 26, 1
  10              		.eabi_attribute 30, 6
  11              		.eabi_attribute 34, 1
  12              		.eabi_attribute 18, 4
  13              		.thumb
  14              		.file	"emFile_ConfigMMC_SPI.c"
  15              		.text
  16              	.Ltext0:
  17              		.cfi_sections	.debug_frame
  18              		.bss
  19              		.align	2
  20              	_aMemBlock:
  21 0000 00000000 		.space	4096
  21      00000000 
  21      00000000 
  21      00000000 
  21      00000000 
  22              		.section	.text.FS_X_AddDevices,"ax",%progbits
  23              		.align	2
  24              		.global	FS_X_AddDevices
  25              		.thumb
  26              		.thumb_func
  27              		.type	FS_X_AddDevices, %function
  28              	FS_X_AddDevices:
  29              	.LFB0:
  30              		.file 1 "Generated_Source\\PSoC5\\emFile_ConfigMMC_SPI.c"
   1:Generated_Source\PSoC5/emFile_ConfigMMC_SPI.c **** /*******************************************************************************
   2:Generated_Source\PSoC5/emFile_ConfigMMC_SPI.c **** * File Name: emFile_MMC_HW_SPI.c
   3:Generated_Source\PSoC5/emFile_ConfigMMC_SPI.c **** * Version 1.20
   4:Generated_Source\PSoC5/emFile_ConfigMMC_SPI.c **** *
   5:Generated_Source\PSoC5/emFile_ConfigMMC_SPI.c **** * Description:
   6:Generated_Source\PSoC5/emFile_ConfigMMC_SPI.c **** *  Contains a set of File System APIs that implement SPI mode driver operation.
   7:Generated_Source\PSoC5/emFile_ConfigMMC_SPI.c **** *
   8:Generated_Source\PSoC5/emFile_ConfigMMC_SPI.c **** * Note:
   9:Generated_Source\PSoC5/emFile_ConfigMMC_SPI.c **** *
  10:Generated_Source\PSoC5/emFile_ConfigMMC_SPI.c **** ********************************************************************************
  11:Generated_Source\PSoC5/emFile_ConfigMMC_SPI.c **** * Copyright 2011-2012, Cypress Semiconductor Corporation.  All rights reserved.
  12:Generated_Source\PSoC5/emFile_ConfigMMC_SPI.c **** * You may use this file only in accordance with the license, terms, conditions,
  13:Generated_Source\PSoC5/emFile_ConfigMMC_SPI.c **** * disclaimers, and limitations in the end user license agreement accompanying
  14:Generated_Source\PSoC5/emFile_ConfigMMC_SPI.c **** * the software package with which this file was provided.
  15:Generated_Source\PSoC5/emFile_ConfigMMC_SPI.c **** *******************************************************************************/
  16:Generated_Source\PSoC5/emFile_ConfigMMC_SPI.c **** 
  17:Generated_Source\PSoC5/emFile_ConfigMMC_SPI.c **** 
  18:Generated_Source\PSoC5/emFile_ConfigMMC_SPI.c **** /*********************************************************************
  19:Generated_Source\PSoC5/emFile_ConfigMMC_SPI.c **** *                SEGGER MICROCONTROLLER GmbH & Co. KG                *
  20:Generated_Source\PSoC5/emFile_ConfigMMC_SPI.c **** *        Solutions for real time microcontroller applications        *
  21:Generated_Source\PSoC5/emFile_ConfigMMC_SPI.c **** **********************************************************************
  22:Generated_Source\PSoC5/emFile_ConfigMMC_SPI.c **** *                                                                    *
  23:Generated_Source\PSoC5/emFile_ConfigMMC_SPI.c **** *        (c) 2003-2010     SEGGER Microcontroller GmbH & Co KG       *
ARM GAS  C:\Users\jwgutter\AppData\Local\Temp\cc6rYB1P.s 			page 2


  24:Generated_Source\PSoC5/emFile_ConfigMMC_SPI.c **** *                                                                    *
  25:Generated_Source\PSoC5/emFile_ConfigMMC_SPI.c **** *        Internet: www.segger.com    Support:  support@segger.com    *
  26:Generated_Source\PSoC5/emFile_ConfigMMC_SPI.c **** *                                                                    *
  27:Generated_Source\PSoC5/emFile_ConfigMMC_SPI.c **** **********************************************************************
  28:Generated_Source\PSoC5/emFile_ConfigMMC_SPI.c **** 
  29:Generated_Source\PSoC5/emFile_ConfigMMC_SPI.c **** **** emFile file system for embedded applications ****
  30:Generated_Source\PSoC5/emFile_ConfigMMC_SPI.c **** emFile is protected by international copyright laws. Knowledge of the
  31:Generated_Source\PSoC5/emFile_ConfigMMC_SPI.c **** source code may not be used to write a similar product. This file may
  32:Generated_Source\PSoC5/emFile_ConfigMMC_SPI.c **** only be used in accordance with a license and should not be re-
  33:Generated_Source\PSoC5/emFile_ConfigMMC_SPI.c **** distributed in any way. We appreciate your understanding and fairness.
  34:Generated_Source\PSoC5/emFile_ConfigMMC_SPI.c **** ----------------------------------------------------------------------
  35:Generated_Source\PSoC5/emFile_ConfigMMC_SPI.c **** ----------------------------------------------------------------------
  36:Generated_Source\PSoC5/emFile_ConfigMMC_SPI.c **** File        : ConfigMMC_SPI.c
  37:Generated_Source\PSoC5/emFile_ConfigMMC_SPI.c **** Purpose     : Configuration file for FS with MMC SPI mode driver
  38:Generated_Source\PSoC5/emFile_ConfigMMC_SPI.c **** ---------------------------END-OF-HEADER------------------------------
  39:Generated_Source\PSoC5/emFile_ConfigMMC_SPI.c **** */
  40:Generated_Source\PSoC5/emFile_ConfigMMC_SPI.c **** 
  41:Generated_Source\PSoC5/emFile_ConfigMMC_SPI.c **** #include "FS.h"
  42:Generated_Source\PSoC5/emFile_ConfigMMC_SPI.c **** #include "emFile.h"
  43:Generated_Source\PSoC5/emFile_ConfigMMC_SPI.c **** 
  44:Generated_Source\PSoC5/emFile_ConfigMMC_SPI.c **** /*********************************************************************
  45:Generated_Source\PSoC5/emFile_ConfigMMC_SPI.c **** *
  46:Generated_Source\PSoC5/emFile_ConfigMMC_SPI.c **** *       Defines, configurable
  47:Generated_Source\PSoC5/emFile_ConfigMMC_SPI.c **** *
  48:Generated_Source\PSoC5/emFile_ConfigMMC_SPI.c **** *       This section is the only section which requires changes
  49:Generated_Source\PSoC5/emFile_ConfigMMC_SPI.c **** *       using the MMC/SD card mode disk driver as a single device.
  50:Generated_Source\PSoC5/emFile_ConfigMMC_SPI.c **** *
  51:Generated_Source\PSoC5/emFile_ConfigMMC_SPI.c **** **********************************************************************
  52:Generated_Source\PSoC5/emFile_ConfigMMC_SPI.c **** */
  53:Generated_Source\PSoC5/emFile_ConfigMMC_SPI.c **** #define ALLOC_SIZE                 (0x1000)      /* Size defined in bytes */
  54:Generated_Source\PSoC5/emFile_ConfigMMC_SPI.c **** 
  55:Generated_Source\PSoC5/emFile_ConfigMMC_SPI.c **** /*********************************************************************
  56:Generated_Source\PSoC5/emFile_ConfigMMC_SPI.c **** *
  57:Generated_Source\PSoC5/emFile_ConfigMMC_SPI.c **** *       Static data
  58:Generated_Source\PSoC5/emFile_ConfigMMC_SPI.c **** *
  59:Generated_Source\PSoC5/emFile_ConfigMMC_SPI.c **** **********************************************************************
  60:Generated_Source\PSoC5/emFile_ConfigMMC_SPI.c **** */
  61:Generated_Source\PSoC5/emFile_ConfigMMC_SPI.c **** static U32   _aMemBlock[ALLOC_SIZE / 4u];      /* Memory pool used for semi-dynamic allocation. */
  62:Generated_Source\PSoC5/emFile_ConfigMMC_SPI.c **** 
  63:Generated_Source\PSoC5/emFile_ConfigMMC_SPI.c **** /*********************************************************************
  64:Generated_Source\PSoC5/emFile_ConfigMMC_SPI.c **** *
  65:Generated_Source\PSoC5/emFile_ConfigMMC_SPI.c **** *       Public code
  66:Generated_Source\PSoC5/emFile_ConfigMMC_SPI.c **** *
  67:Generated_Source\PSoC5/emFile_ConfigMMC_SPI.c **** *       This section does not require modifications in most systems.
  68:Generated_Source\PSoC5/emFile_ConfigMMC_SPI.c **** *
  69:Generated_Source\PSoC5/emFile_ConfigMMC_SPI.c **** **********************************************************************
  70:Generated_Source\PSoC5/emFile_ConfigMMC_SPI.c **** */
  71:Generated_Source\PSoC5/emFile_ConfigMMC_SPI.c **** 
  72:Generated_Source\PSoC5/emFile_ConfigMMC_SPI.c **** /*********************************************************************
  73:Generated_Source\PSoC5/emFile_ConfigMMC_SPI.c **** *
  74:Generated_Source\PSoC5/emFile_ConfigMMC_SPI.c **** *       FS_X_AddDevices
  75:Generated_Source\PSoC5/emFile_ConfigMMC_SPI.c **** *
  76:Generated_Source\PSoC5/emFile_ConfigMMC_SPI.c **** *  Function description
  77:Generated_Source\PSoC5/emFile_ConfigMMC_SPI.c **** *    This function is called by the FS during FS_Init().
  78:Generated_Source\PSoC5/emFile_ConfigMMC_SPI.c **** *    It is supposed to add all devices, using primarily FS_AddDevice().
  79:Generated_Source\PSoC5/emFile_ConfigMMC_SPI.c **** *
  80:Generated_Source\PSoC5/emFile_ConfigMMC_SPI.c **** *  Note
ARM GAS  C:\Users\jwgutter\AppData\Local\Temp\cc6rYB1P.s 			page 3


  81:Generated_Source\PSoC5/emFile_ConfigMMC_SPI.c **** *    (1) Other API functions
  82:Generated_Source\PSoC5/emFile_ConfigMMC_SPI.c **** *        Other API functions may NOT be called, since this function is called
  83:Generated_Source\PSoC5/emFile_ConfigMMC_SPI.c **** *        during initialization. The devices are not yet ready at this point.
  84:Generated_Source\PSoC5/emFile_ConfigMMC_SPI.c **** */
  85:Generated_Source\PSoC5/emFile_ConfigMMC_SPI.c **** void FS_X_AddDevices(void)
  86:Generated_Source\PSoC5/emFile_ConfigMMC_SPI.c **** {
  31              		.loc 1 86 0
  32              		.cfi_startproc
  33              		@ args = 0, pretend = 0, frame = 0
  34              		@ frame_needed = 1, uses_anonymous_args = 0
  35 0000 80B5     		push	{r7, lr}
  36              		.cfi_def_cfa_offset 8
  37              		.cfi_offset 7, -8
  38              		.cfi_offset 14, -4
  39 0002 00AF     		add	r7, sp, #0
  40              		.cfi_def_cfa_register 7
  87:Generated_Source\PSoC5/emFile_ConfigMMC_SPI.c ****     #if(CY_PSOC5)
  88:Generated_Source\PSoC5/emFile_ConfigMMC_SPI.c ****         FS_AssignMemory(&_aMemBlock[0u], sizeof(_aMemBlock));
  41              		.loc 1 88 0
  42 0004 0448     		ldr	r0, .L2
  43 0006 4FF48051 		mov	r1, #4096
  44 000a FFF7FEFF 		bl	FS_AssignMemory
  89:Generated_Source\PSoC5/emFile_ConfigMMC_SPI.c ****     #else
  90:Generated_Source\PSoC5/emFile_ConfigMMC_SPI.c ****         FS_AssignMemory(&_aMemBlock[1u], sizeof(_aMemBlock));
  91:Generated_Source\PSoC5/emFile_ConfigMMC_SPI.c ****     #endif/* (CY_PSOC5) */
  92:Generated_Source\PSoC5/emFile_ConfigMMC_SPI.c **** 
  93:Generated_Source\PSoC5/emFile_ConfigMMC_SPI.c ****     #if (emFile_NUMBER_SD_CARDS == 4u)
  94:Generated_Source\PSoC5/emFile_ConfigMMC_SPI.c ****         FS_AddDevice(&FS_MMC_SPI_Driver);
  95:Generated_Source\PSoC5/emFile_ConfigMMC_SPI.c ****         FS_AddDevice(&FS_MMC_SPI_Driver);
  96:Generated_Source\PSoC5/emFile_ConfigMMC_SPI.c ****         FS_AddDevice(&FS_MMC_SPI_Driver);
  97:Generated_Source\PSoC5/emFile_ConfigMMC_SPI.c ****         FS_AddDevice(&FS_MMC_SPI_Driver);
  98:Generated_Source\PSoC5/emFile_ConfigMMC_SPI.c ****     #elif (emFile_NUMBER_SD_CARDS == 3u)
  99:Generated_Source\PSoC5/emFile_ConfigMMC_SPI.c ****         FS_AddDevice(&FS_MMC_SPI_Driver);
 100:Generated_Source\PSoC5/emFile_ConfigMMC_SPI.c ****         FS_AddDevice(&FS_MMC_SPI_Driver);
 101:Generated_Source\PSoC5/emFile_ConfigMMC_SPI.c ****         FS_AddDevice(&FS_MMC_SPI_Driver);
 102:Generated_Source\PSoC5/emFile_ConfigMMC_SPI.c ****     #elif (emFile_NUMBER_SD_CARDS == 2u)
 103:Generated_Source\PSoC5/emFile_ConfigMMC_SPI.c ****         FS_AddDevice(&FS_MMC_SPI_Driver);
 104:Generated_Source\PSoC5/emFile_ConfigMMC_SPI.c ****         FS_AddDevice(&FS_MMC_SPI_Driver);
 105:Generated_Source\PSoC5/emFile_ConfigMMC_SPI.c ****     #else
 106:Generated_Source\PSoC5/emFile_ConfigMMC_SPI.c ****         FS_AddDevice(&FS_MMC_SPI_Driver);
  45              		.loc 1 106 0
  46 000e 0348     		ldr	r0, .L2+4
  47 0010 FFF7FEFF 		bl	FS_AddDevice
 107:Generated_Source\PSoC5/emFile_ConfigMMC_SPI.c ****     #endif /* (emFile_NUMBER_SD_CARDS == 4u) */
 108:Generated_Source\PSoC5/emFile_ConfigMMC_SPI.c **** }
  48              		.loc 1 108 0
  49 0014 80BD     		pop	{r7, pc}
  50              	.L3:
  51 0016 00BF     		.align	2
  52              	.L2:
  53 0018 00000000 		.word	_aMemBlock
  54 001c 00000000 		.word	FS_MMC_SPI_Driver
  55              		.cfi_endproc
  56              	.LFE0:
  57              		.size	FS_X_AddDevices, .-FS_X_AddDevices
  58              		.section	.text.FS_X_GetTimeDate,"ax",%progbits
  59              		.align	2
ARM GAS  C:\Users\jwgutter\AppData\Local\Temp\cc6rYB1P.s 			page 4


  60              		.global	FS_X_GetTimeDate
  61              		.thumb
  62              		.thumb_func
  63              		.type	FS_X_GetTimeDate, %function
  64              	FS_X_GetTimeDate:
  65              	.LFB1:
 109:Generated_Source\PSoC5/emFile_ConfigMMC_SPI.c **** 
 110:Generated_Source\PSoC5/emFile_ConfigMMC_SPI.c **** /*********************************************************************
 111:Generated_Source\PSoC5/emFile_ConfigMMC_SPI.c **** *
 112:Generated_Source\PSoC5/emFile_ConfigMMC_SPI.c **** *       FS_X_GetTimeDate
 113:Generated_Source\PSoC5/emFile_ConfigMMC_SPI.c **** *
 114:Generated_Source\PSoC5/emFile_ConfigMMC_SPI.c **** *  Description:
 115:Generated_Source\PSoC5/emFile_ConfigMMC_SPI.c **** *    Current time and date in a format suitable for the file system.
 116:Generated_Source\PSoC5/emFile_ConfigMMC_SPI.c **** *
 117:Generated_Source\PSoC5/emFile_ConfigMMC_SPI.c **** *    Bit 0-4:   2-second count (0-29)
 118:Generated_Source\PSoC5/emFile_ConfigMMC_SPI.c **** *    Bit 5-10:  Minutes (0-59)
 119:Generated_Source\PSoC5/emFile_ConfigMMC_SPI.c **** *    Bit 11-15: Hours (0-23)
 120:Generated_Source\PSoC5/emFile_ConfigMMC_SPI.c **** *    Bit 16-20: Day of month (1-31)
 121:Generated_Source\PSoC5/emFile_ConfigMMC_SPI.c **** *    Bit 21-24: Month of year (1-12)
 122:Generated_Source\PSoC5/emFile_ConfigMMC_SPI.c **** *    Bit 25-31: Count of years from 1980 (0-127)
 123:Generated_Source\PSoC5/emFile_ConfigMMC_SPI.c **** *
 124:Generated_Source\PSoC5/emFile_ConfigMMC_SPI.c **** */
 125:Generated_Source\PSoC5/emFile_ConfigMMC_SPI.c **** U32 FS_X_GetTimeDate(void)
 126:Generated_Source\PSoC5/emFile_ConfigMMC_SPI.c **** {
  66              		.loc 1 126 0
  67              		.cfi_startproc
  68              		@ args = 0, pretend = 0, frame = 16
  69              		@ frame_needed = 1, uses_anonymous_args = 0
  70              		@ link register save eliminated.
  71 0000 80B4     		push	{r7}
  72              		.cfi_def_cfa_offset 4
  73              		.cfi_offset 7, -4
  74 0002 85B0     		sub	sp, sp, #20
  75              		.cfi_def_cfa_offset 24
  76 0004 00AF     		add	r7, sp, #0
  77              		.cfi_def_cfa_register 7
 127:Generated_Source\PSoC5/emFile_ConfigMMC_SPI.c ****   U32 r;
 128:Generated_Source\PSoC5/emFile_ConfigMMC_SPI.c ****   U16 Sec, Min, Hour;
 129:Generated_Source\PSoC5/emFile_ConfigMMC_SPI.c ****   U16 Day, Month, Year;
 130:Generated_Source\PSoC5/emFile_ConfigMMC_SPI.c **** 
 131:Generated_Source\PSoC5/emFile_ConfigMMC_SPI.c ****   Sec   = 0;        /* 0 based.  Valid range: 0..59 */
  78              		.loc 1 131 0
  79 0006 0023     		movs	r3, #0
  80 0008 FB81     		strh	r3, [r7, #14]	@ movhi
 132:Generated_Source\PSoC5/emFile_ConfigMMC_SPI.c ****   Min   = 0;        /* 0 based.  Valid range: 0..59 */
  81              		.loc 1 132 0
  82 000a 0023     		movs	r3, #0
  83 000c BB81     		strh	r3, [r7, #12]	@ movhi
 133:Generated_Source\PSoC5/emFile_ConfigMMC_SPI.c ****   Hour  = 0;        /* 0 based.  Valid range: 0..23 */
  84              		.loc 1 133 0
  85 000e 0023     		movs	r3, #0
  86 0010 7B81     		strh	r3, [r7, #10]	@ movhi
 134:Generated_Source\PSoC5/emFile_ConfigMMC_SPI.c ****   Day   = 1;        /* 1 based.    Means that 1 is 1. Valid range is 1..31 (depending on month) */
  87              		.loc 1 134 0
  88 0012 0123     		movs	r3, #1
  89 0014 3B81     		strh	r3, [r7, #8]	@ movhi
 135:Generated_Source\PSoC5/emFile_ConfigMMC_SPI.c ****   Month = 1;        /* 1 based.    Means that January is 1. Valid range is 1..12. */
ARM GAS  C:\Users\jwgutter\AppData\Local\Temp\cc6rYB1P.s 			page 5


  90              		.loc 1 135 0
  91 0016 0123     		movs	r3, #1
  92 0018 FB80     		strh	r3, [r7, #6]	@ movhi
 136:Generated_Source\PSoC5/emFile_ConfigMMC_SPI.c ****   Year  = 0;        /* 1980 based. Means that 2007 would be 27. */
  93              		.loc 1 136 0
  94 001a 0023     		movs	r3, #0
  95 001c BB80     		strh	r3, [r7, #4]	@ movhi
 137:Generated_Source\PSoC5/emFile_ConfigMMC_SPI.c ****   r   = Sec / 2 + (Min << 5) + (Hour  << 11);
  96              		.loc 1 137 0
  97 001e FB89     		ldrh	r3, [r7, #14]
  98 0020 5B08     		lsrs	r3, r3, #1
  99 0022 9BB2     		uxth	r3, r3
 100 0024 1A46     		mov	r2, r3
 101 0026 BB89     		ldrh	r3, [r7, #12]
 102 0028 5B01     		lsls	r3, r3, #5
 103 002a 1A44     		add	r2, r2, r3
 104 002c 7B89     		ldrh	r3, [r7, #10]
 105 002e DB02     		lsls	r3, r3, #11
 106 0030 1344     		add	r3, r3, r2
 107 0032 3B60     		str	r3, [r7]
 138:Generated_Source\PSoC5/emFile_ConfigMMC_SPI.c ****   r  |= (U32)(Day + (Month << 5) + (Year  << 9)) << 16;
 108              		.loc 1 138 0
 109 0034 3A89     		ldrh	r2, [r7, #8]
 110 0036 FB88     		ldrh	r3, [r7, #6]
 111 0038 5B01     		lsls	r3, r3, #5
 112 003a 1A44     		add	r2, r2, r3
 113 003c BB88     		ldrh	r3, [r7, #4]
 114 003e 5B02     		lsls	r3, r3, #9
 115 0040 1344     		add	r3, r3, r2
 116 0042 1B04     		lsls	r3, r3, #16
 117 0044 3A68     		ldr	r2, [r7]
 118 0046 1343     		orrs	r3, r3, r2
 119 0048 3B60     		str	r3, [r7]
 139:Generated_Source\PSoC5/emFile_ConfigMMC_SPI.c ****   return r;
 120              		.loc 1 139 0
 121 004a 3B68     		ldr	r3, [r7]
 140:Generated_Source\PSoC5/emFile_ConfigMMC_SPI.c **** }
 122              		.loc 1 140 0
 123 004c 1846     		mov	r0, r3
 124 004e 1437     		adds	r7, r7, #20
 125              		.cfi_def_cfa_offset 4
 126 0050 BD46     		mov	sp, r7
 127              		.cfi_def_cfa_register 13
 128              		@ sp needed
 129 0052 5DF8047B 		ldr	r7, [sp], #4
 130              		.cfi_restore 7
 131              		.cfi_def_cfa_offset 0
 132 0056 7047     		bx	lr
 133              		.cfi_endproc
 134              	.LFE1:
 135              		.size	FS_X_GetTimeDate, .-FS_X_GetTimeDate
 136              		.text
 137              	.Letext0:
 138              		.file 2 ".\\emFile_V322c\\Code\\Include\\PSoC5/FS.h"
 139              		.file 3 ".\\emFile_V322c\\Code\\Include\\PSoC5/FS_Types.h"
 140              		.section	.debug_info,"",%progbits
 141              	.Ldebug_info0:
ARM GAS  C:\Users\jwgutter\AppData\Local\Temp\cc6rYB1P.s 			page 6


 142 0000 7D020000 		.4byte	0x27d
 143 0004 0400     		.2byte	0x4
 144 0006 00000000 		.4byte	.Ldebug_abbrev0
 145 000a 04       		.byte	0x4
 146 000b 01       		.uleb128 0x1
 147 000c 17000000 		.4byte	.LASF25
 148 0010 01       		.byte	0x1
 149 0011 7F010000 		.4byte	.LASF26
 150 0015 22010000 		.4byte	.LASF27
 151 0019 00000000 		.4byte	.Ldebug_ranges0+0
 152 001d 00000000 		.4byte	0
 153 0021 00000000 		.4byte	.Ldebug_line0
 154 0025 02       		.uleb128 0x2
 155 0026 08000000 		.4byte	.LASF28
 156 002a 03       		.byte	0x3
 157 002b 81       		.byte	0x81
 158 002c 30000000 		.4byte	0x30
 159 0030 03       		.uleb128 0x3
 160 0031 08000000 		.4byte	.LASF28
 161 0035 20       		.byte	0x20
 162 0036 02       		.byte	0x2
 163 0037 2B02     		.2byte	0x22b
 164 0039 A6000000 		.4byte	0xa6
 165 003d 04       		.uleb128 0x4
 166 003e EF010000 		.4byte	.LASF0
 167 0042 02       		.byte	0x2
 168 0043 2C02     		.2byte	0x22c
 169 0045 FA000000 		.4byte	0xfa
 170 0049 00       		.byte	0
 171 004a 04       		.uleb128 0x4
 172 004b 4F010000 		.4byte	.LASF1
 173 004f 02       		.byte	0x2
 174 0050 2D02     		.2byte	0x22d
 175 0052 05010000 		.4byte	0x105
 176 0056 04       		.byte	0x4
 177 0057 04       		.uleb128 0x4
 178 0058 D9010000 		.4byte	.LASF2
 179 005c 02       		.byte	0x2
 180 005d 2E02     		.2byte	0x22e
 181 005f 29010000 		.4byte	0x129
 182 0063 08       		.byte	0x8
 183 0064 04       		.uleb128 0x4
 184 0065 00000000 		.4byte	.LASF3
 185 0069 02       		.byte	0x2
 186 006a 2F02     		.2byte	0x22f
 187 006c 59010000 		.4byte	0x159
 188 0070 0C       		.byte	0xc
 189 0071 04       		.uleb128 0x4
 190 0072 1F020000 		.4byte	.LASF4
 191 0076 02       		.byte	0x2
 192 0077 3002     		.2byte	0x230
 193 0079 84010000 		.4byte	0x184
 194 007d 10       		.byte	0x10
 195 007e 04       		.uleb128 0x4
 196 007f 10010000 		.4byte	.LASF5
 197 0083 02       		.byte	0x2
 198 0084 3102     		.2byte	0x231
ARM GAS  C:\Users\jwgutter\AppData\Local\Temp\cc6rYB1P.s 			page 7


 199 0086 99010000 		.4byte	0x199
 200 008a 14       		.byte	0x14
 201 008b 04       		.uleb128 0x4
 202 008c B7000000 		.4byte	.LASF6
 203 0090 02       		.byte	0x2
 204 0091 3202     		.2byte	0x232
 205 0093 99010000 		.4byte	0x199
 206 0097 18       		.byte	0x18
 207 0098 04       		.uleb128 0x4
 208 0099 C9000000 		.4byte	.LASF7
 209 009d 02       		.byte	0x2
 210 009e 3302     		.2byte	0x233
 211 00a0 05010000 		.4byte	0x105
 212 00a4 1C       		.byte	0x1c
 213 00a5 00       		.byte	0
 214 00a6 05       		.uleb128 0x5
 215 00a7 02       		.byte	0x2
 216 00a8 07       		.byte	0x7
 217 00a9 F7000000 		.4byte	.LASF8
 218 00ad 05       		.uleb128 0x5
 219 00ae 04       		.byte	0x4
 220 00af 07       		.byte	0x7
 221 00b0 E5000000 		.4byte	.LASF9
 222 00b4 05       		.uleb128 0x5
 223 00b5 04       		.byte	0x4
 224 00b6 07       		.byte	0x7
 225 00b7 5B010000 		.4byte	.LASF10
 226 00bb 06       		.uleb128 0x6
 227 00bc 04       		.byte	0x4
 228 00bd 05       		.byte	0x5
 229 00be 696E7400 		.ascii	"int\000"
 230 00c2 05       		.uleb128 0x5
 231 00c3 01       		.byte	0x1
 232 00c4 08       		.byte	0x8
 233 00c5 D7000000 		.4byte	.LASF11
 234 00c9 07       		.uleb128 0x7
 235 00ca 04       		.byte	0x4
 236 00cb 05       		.uleb128 0x5
 237 00cc 04       		.byte	0x4
 238 00cd 07       		.byte	0x7
 239 00ce AD010000 		.4byte	.LASF12
 240 00d2 05       		.uleb128 0x5
 241 00d3 01       		.byte	0x1
 242 00d4 08       		.byte	0x8
 243 00d5 C4010000 		.4byte	.LASF13
 244 00d9 05       		.uleb128 0x5
 245 00da 02       		.byte	0x2
 246 00db 05       		.byte	0x5
 247 00dc E0010000 		.4byte	.LASF14
 248 00e0 08       		.uleb128 0x8
 249 00e1 EF000000 		.4byte	0xef
 250 00e5 EF000000 		.4byte	0xef
 251 00e9 09       		.uleb128 0x9
 252 00ea C2000000 		.4byte	0xc2
 253 00ee 00       		.byte	0
 254 00ef 0A       		.uleb128 0xa
 255 00f0 04       		.byte	0x4
ARM GAS  C:\Users\jwgutter\AppData\Local\Temp\cc6rYB1P.s 			page 8


 256 00f1 F5000000 		.4byte	0xf5
 257 00f5 0B       		.uleb128 0xb
 258 00f6 D2000000 		.4byte	0xd2
 259 00fa 0A       		.uleb128 0xa
 260 00fb 04       		.byte	0x4
 261 00fc E0000000 		.4byte	0xe0
 262 0100 0C       		.uleb128 0xc
 263 0101 BB000000 		.4byte	0xbb
 264 0105 0A       		.uleb128 0xa
 265 0106 04       		.byte	0x4
 266 0107 00010000 		.4byte	0x100
 267 010b 08       		.uleb128 0x8
 268 010c BB000000 		.4byte	0xbb
 269 0110 29010000 		.4byte	0x129
 270 0114 09       		.uleb128 0x9
 271 0115 C2000000 		.4byte	0xc2
 272 0119 09       		.uleb128 0x9
 273 011a AD000000 		.4byte	0xad
 274 011e 09       		.uleb128 0x9
 275 011f C9000000 		.4byte	0xc9
 276 0123 09       		.uleb128 0x9
 277 0124 AD000000 		.4byte	0xad
 278 0128 00       		.byte	0
 279 0129 0A       		.uleb128 0xa
 280 012a 04       		.byte	0x4
 281 012b 0B010000 		.4byte	0x10b
 282 012f 08       		.uleb128 0x8
 283 0130 BB000000 		.4byte	0xbb
 284 0134 52010000 		.4byte	0x152
 285 0138 09       		.uleb128 0x9
 286 0139 C2000000 		.4byte	0xc2
 287 013d 09       		.uleb128 0x9
 288 013e AD000000 		.4byte	0xad
 289 0142 09       		.uleb128 0x9
 290 0143 52010000 		.4byte	0x152
 291 0147 09       		.uleb128 0x9
 292 0148 AD000000 		.4byte	0xad
 293 014c 09       		.uleb128 0x9
 294 014d C2000000 		.4byte	0xc2
 295 0151 00       		.byte	0
 296 0152 0A       		.uleb128 0xa
 297 0153 04       		.byte	0x4
 298 0154 58010000 		.4byte	0x158
 299 0158 0D       		.uleb128 0xd
 300 0159 0A       		.uleb128 0xa
 301 015a 04       		.byte	0x4
 302 015b 2F010000 		.4byte	0x12f
 303 015f 08       		.uleb128 0x8
 304 0160 BB000000 		.4byte	0xbb
 305 0164 7D010000 		.4byte	0x17d
 306 0168 09       		.uleb128 0x9
 307 0169 C2000000 		.4byte	0xc2
 308 016d 09       		.uleb128 0x9
 309 016e 7D010000 		.4byte	0x17d
 310 0172 09       		.uleb128 0x9
 311 0173 7D010000 		.4byte	0x17d
 312 0177 09       		.uleb128 0x9
ARM GAS  C:\Users\jwgutter\AppData\Local\Temp\cc6rYB1P.s 			page 9


 313 0178 C9000000 		.4byte	0xc9
 314 017c 00       		.byte	0
 315 017d 05       		.uleb128 0x5
 316 017e 04       		.byte	0x4
 317 017f 05       		.byte	0x5
 318 0180 F9010000 		.4byte	.LASF15
 319 0184 0A       		.uleb128 0xa
 320 0185 04       		.byte	0x4
 321 0186 5F010000 		.4byte	0x15f
 322 018a 08       		.uleb128 0x8
 323 018b BB000000 		.4byte	0xbb
 324 018f 99010000 		.4byte	0x199
 325 0193 09       		.uleb128 0x9
 326 0194 C2000000 		.4byte	0xc2
 327 0198 00       		.byte	0
 328 0199 0A       		.uleb128 0xa
 329 019a 04       		.byte	0x4
 330 019b 8A010000 		.4byte	0x18a
 331 019f 05       		.uleb128 0x5
 332 01a0 01       		.byte	0x1
 333 01a1 06       		.byte	0x6
 334 01a2 13020000 		.4byte	.LASF16
 335 01a6 05       		.uleb128 0x5
 336 01a7 08       		.byte	0x8
 337 01a8 05       		.byte	0x5
 338 01a9 B6010000 		.4byte	.LASF17
 339 01ad 05       		.uleb128 0x5
 340 01ae 08       		.byte	0x8
 341 01af 07       		.byte	0x7
 342 01b0 68010000 		.4byte	.LASF18
 343 01b4 05       		.uleb128 0x5
 344 01b5 04       		.byte	0x4
 345 01b6 04       		.byte	0x4
 346 01b7 C3000000 		.4byte	.LASF19
 347 01bb 05       		.uleb128 0x5
 348 01bc 08       		.byte	0x8
 349 01bd 04       		.byte	0x4
 350 01be B0000000 		.4byte	.LASF20
 351 01c2 0E       		.uleb128 0xe
 352 01c3 C9010000 		.4byte	.LASF29
 353 01c7 01       		.byte	0x1
 354 01c8 55       		.byte	0x55
 355 01c9 00000000 		.4byte	.LFB0
 356 01cd 20000000 		.4byte	.LFE0-.LFB0
 357 01d1 01       		.uleb128 0x1
 358 01d2 9C       		.byte	0x9c
 359 01d3 0F       		.uleb128 0xf
 360 01d4 02020000 		.4byte	.LASF30
 361 01d8 01       		.byte	0x1
 362 01d9 7D       		.byte	0x7d
 363 01da AD000000 		.4byte	0xad
 364 01de 00000000 		.4byte	.LFB1
 365 01e2 58000000 		.4byte	.LFE1-.LFB1
 366 01e6 01       		.uleb128 0x1
 367 01e7 9C       		.byte	0x9c
 368 01e8 4D020000 		.4byte	0x24d
 369 01ec 10       		.uleb128 0x10
ARM GAS  C:\Users\jwgutter\AppData\Local\Temp\cc6rYB1P.s 			page 10


 370 01ed 7200     		.ascii	"r\000"
 371 01ef 01       		.byte	0x1
 372 01f0 7F       		.byte	0x7f
 373 01f1 AD000000 		.4byte	0xad
 374 01f5 02       		.uleb128 0x2
 375 01f6 91       		.byte	0x91
 376 01f7 68       		.sleb128 -24
 377 01f8 10       		.uleb128 0x10
 378 01f9 53656300 		.ascii	"Sec\000"
 379 01fd 01       		.byte	0x1
 380 01fe 80       		.byte	0x80
 381 01ff A6000000 		.4byte	0xa6
 382 0203 02       		.uleb128 0x2
 383 0204 91       		.byte	0x91
 384 0205 76       		.sleb128 -10
 385 0206 10       		.uleb128 0x10
 386 0207 4D696E00 		.ascii	"Min\000"
 387 020b 01       		.byte	0x1
 388 020c 80       		.byte	0x80
 389 020d A6000000 		.4byte	0xa6
 390 0211 02       		.uleb128 0x2
 391 0212 91       		.byte	0x91
 392 0213 74       		.sleb128 -12
 393 0214 11       		.uleb128 0x11
 394 0215 EA010000 		.4byte	.LASF21
 395 0219 01       		.byte	0x1
 396 021a 80       		.byte	0x80
 397 021b A6000000 		.4byte	0xa6
 398 021f 02       		.uleb128 0x2
 399 0220 91       		.byte	0x91
 400 0221 72       		.sleb128 -14
 401 0222 10       		.uleb128 0x10
 402 0223 44617900 		.ascii	"Day\000"
 403 0227 01       		.byte	0x1
 404 0228 81       		.byte	0x81
 405 0229 A6000000 		.4byte	0xa6
 406 022d 02       		.uleb128 0x2
 407 022e 91       		.byte	0x91
 408 022f 70       		.sleb128 -16
 409 0230 11       		.uleb128 0x11
 410 0231 0A010000 		.4byte	.LASF22
 411 0235 01       		.byte	0x1
 412 0236 81       		.byte	0x81
 413 0237 A6000000 		.4byte	0xa6
 414 023b 02       		.uleb128 0x2
 415 023c 91       		.byte	0x91
 416 023d 6E       		.sleb128 -18
 417 023e 11       		.uleb128 0x11
 418 023f 1D010000 		.4byte	.LASF23
 419 0243 01       		.byte	0x1
 420 0244 81       		.byte	0x81
 421 0245 A6000000 		.4byte	0xa6
 422 0249 02       		.uleb128 0x2
 423 024a 91       		.byte	0x91
 424 024b 6C       		.sleb128 -20
 425 024c 00       		.byte	0
 426 024d 12       		.uleb128 0x12
ARM GAS  C:\Users\jwgutter\AppData\Local\Temp\cc6rYB1P.s 			page 11


 427 024e AD000000 		.4byte	0xad
 428 0252 5E020000 		.4byte	0x25e
 429 0256 13       		.uleb128 0x13
 430 0257 CB000000 		.4byte	0xcb
 431 025b FF03     		.2byte	0x3ff
 432 025d 00       		.byte	0
 433 025e 11       		.uleb128 0x11
 434 025f A5000000 		.4byte	.LASF24
 435 0263 01       		.byte	0x1
 436 0264 3D       		.byte	0x3d
 437 0265 4D020000 		.4byte	0x24d
 438 0269 05       		.uleb128 0x5
 439 026a 03       		.byte	0x3
 440 026b 00000000 		.4byte	_aMemBlock
 441 026f 14       		.uleb128 0x14
 442 0270 27020000 		.4byte	.LASF31
 443 0274 02       		.byte	0x2
 444 0275 3902     		.2byte	0x239
 445 0277 7B020000 		.4byte	0x27b
 446 027b 0B       		.uleb128 0xb
 447 027c 25000000 		.4byte	0x25
 448 0280 00       		.byte	0
 449              		.section	.debug_abbrev,"",%progbits
 450              	.Ldebug_abbrev0:
 451 0000 01       		.uleb128 0x1
 452 0001 11       		.uleb128 0x11
 453 0002 01       		.byte	0x1
 454 0003 25       		.uleb128 0x25
 455 0004 0E       		.uleb128 0xe
 456 0005 13       		.uleb128 0x13
 457 0006 0B       		.uleb128 0xb
 458 0007 03       		.uleb128 0x3
 459 0008 0E       		.uleb128 0xe
 460 0009 1B       		.uleb128 0x1b
 461 000a 0E       		.uleb128 0xe
 462 000b 55       		.uleb128 0x55
 463 000c 17       		.uleb128 0x17
 464 000d 11       		.uleb128 0x11
 465 000e 01       		.uleb128 0x1
 466 000f 10       		.uleb128 0x10
 467 0010 17       		.uleb128 0x17
 468 0011 00       		.byte	0
 469 0012 00       		.byte	0
 470 0013 02       		.uleb128 0x2
 471 0014 16       		.uleb128 0x16
 472 0015 00       		.byte	0
 473 0016 03       		.uleb128 0x3
 474 0017 0E       		.uleb128 0xe
 475 0018 3A       		.uleb128 0x3a
 476 0019 0B       		.uleb128 0xb
 477 001a 3B       		.uleb128 0x3b
 478 001b 0B       		.uleb128 0xb
 479 001c 49       		.uleb128 0x49
 480 001d 13       		.uleb128 0x13
 481 001e 00       		.byte	0
 482 001f 00       		.byte	0
 483 0020 03       		.uleb128 0x3
ARM GAS  C:\Users\jwgutter\AppData\Local\Temp\cc6rYB1P.s 			page 12


 484 0021 13       		.uleb128 0x13
 485 0022 01       		.byte	0x1
 486 0023 03       		.uleb128 0x3
 487 0024 0E       		.uleb128 0xe
 488 0025 0B       		.uleb128 0xb
 489 0026 0B       		.uleb128 0xb
 490 0027 3A       		.uleb128 0x3a
 491 0028 0B       		.uleb128 0xb
 492 0029 3B       		.uleb128 0x3b
 493 002a 05       		.uleb128 0x5
 494 002b 01       		.uleb128 0x1
 495 002c 13       		.uleb128 0x13
 496 002d 00       		.byte	0
 497 002e 00       		.byte	0
 498 002f 04       		.uleb128 0x4
 499 0030 0D       		.uleb128 0xd
 500 0031 00       		.byte	0
 501 0032 03       		.uleb128 0x3
 502 0033 0E       		.uleb128 0xe
 503 0034 3A       		.uleb128 0x3a
 504 0035 0B       		.uleb128 0xb
 505 0036 3B       		.uleb128 0x3b
 506 0037 05       		.uleb128 0x5
 507 0038 49       		.uleb128 0x49
 508 0039 13       		.uleb128 0x13
 509 003a 38       		.uleb128 0x38
 510 003b 0B       		.uleb128 0xb
 511 003c 00       		.byte	0
 512 003d 00       		.byte	0
 513 003e 05       		.uleb128 0x5
 514 003f 24       		.uleb128 0x24
 515 0040 00       		.byte	0
 516 0041 0B       		.uleb128 0xb
 517 0042 0B       		.uleb128 0xb
 518 0043 3E       		.uleb128 0x3e
 519 0044 0B       		.uleb128 0xb
 520 0045 03       		.uleb128 0x3
 521 0046 0E       		.uleb128 0xe
 522 0047 00       		.byte	0
 523 0048 00       		.byte	0
 524 0049 06       		.uleb128 0x6
 525 004a 24       		.uleb128 0x24
 526 004b 00       		.byte	0
 527 004c 0B       		.uleb128 0xb
 528 004d 0B       		.uleb128 0xb
 529 004e 3E       		.uleb128 0x3e
 530 004f 0B       		.uleb128 0xb
 531 0050 03       		.uleb128 0x3
 532 0051 08       		.uleb128 0x8
 533 0052 00       		.byte	0
 534 0053 00       		.byte	0
 535 0054 07       		.uleb128 0x7
 536 0055 0F       		.uleb128 0xf
 537 0056 00       		.byte	0
 538 0057 0B       		.uleb128 0xb
 539 0058 0B       		.uleb128 0xb
 540 0059 00       		.byte	0
ARM GAS  C:\Users\jwgutter\AppData\Local\Temp\cc6rYB1P.s 			page 13


 541 005a 00       		.byte	0
 542 005b 08       		.uleb128 0x8
 543 005c 15       		.uleb128 0x15
 544 005d 01       		.byte	0x1
 545 005e 27       		.uleb128 0x27
 546 005f 19       		.uleb128 0x19
 547 0060 49       		.uleb128 0x49
 548 0061 13       		.uleb128 0x13
 549 0062 01       		.uleb128 0x1
 550 0063 13       		.uleb128 0x13
 551 0064 00       		.byte	0
 552 0065 00       		.byte	0
 553 0066 09       		.uleb128 0x9
 554 0067 05       		.uleb128 0x5
 555 0068 00       		.byte	0
 556 0069 49       		.uleb128 0x49
 557 006a 13       		.uleb128 0x13
 558 006b 00       		.byte	0
 559 006c 00       		.byte	0
 560 006d 0A       		.uleb128 0xa
 561 006e 0F       		.uleb128 0xf
 562 006f 00       		.byte	0
 563 0070 0B       		.uleb128 0xb
 564 0071 0B       		.uleb128 0xb
 565 0072 49       		.uleb128 0x49
 566 0073 13       		.uleb128 0x13
 567 0074 00       		.byte	0
 568 0075 00       		.byte	0
 569 0076 0B       		.uleb128 0xb
 570 0077 26       		.uleb128 0x26
 571 0078 00       		.byte	0
 572 0079 49       		.uleb128 0x49
 573 007a 13       		.uleb128 0x13
 574 007b 00       		.byte	0
 575 007c 00       		.byte	0
 576 007d 0C       		.uleb128 0xc
 577 007e 15       		.uleb128 0x15
 578 007f 00       		.byte	0
 579 0080 27       		.uleb128 0x27
 580 0081 19       		.uleb128 0x19
 581 0082 49       		.uleb128 0x49
 582 0083 13       		.uleb128 0x13
 583 0084 00       		.byte	0
 584 0085 00       		.byte	0
 585 0086 0D       		.uleb128 0xd
 586 0087 26       		.uleb128 0x26
 587 0088 00       		.byte	0
 588 0089 00       		.byte	0
 589 008a 00       		.byte	0
 590 008b 0E       		.uleb128 0xe
 591 008c 2E       		.uleb128 0x2e
 592 008d 00       		.byte	0
 593 008e 3F       		.uleb128 0x3f
 594 008f 19       		.uleb128 0x19
 595 0090 03       		.uleb128 0x3
 596 0091 0E       		.uleb128 0xe
 597 0092 3A       		.uleb128 0x3a
ARM GAS  C:\Users\jwgutter\AppData\Local\Temp\cc6rYB1P.s 			page 14


 598 0093 0B       		.uleb128 0xb
 599 0094 3B       		.uleb128 0x3b
 600 0095 0B       		.uleb128 0xb
 601 0096 27       		.uleb128 0x27
 602 0097 19       		.uleb128 0x19
 603 0098 11       		.uleb128 0x11
 604 0099 01       		.uleb128 0x1
 605 009a 12       		.uleb128 0x12
 606 009b 06       		.uleb128 0x6
 607 009c 40       		.uleb128 0x40
 608 009d 18       		.uleb128 0x18
 609 009e 9642     		.uleb128 0x2116
 610 00a0 19       		.uleb128 0x19
 611 00a1 00       		.byte	0
 612 00a2 00       		.byte	0
 613 00a3 0F       		.uleb128 0xf
 614 00a4 2E       		.uleb128 0x2e
 615 00a5 01       		.byte	0x1
 616 00a6 3F       		.uleb128 0x3f
 617 00a7 19       		.uleb128 0x19
 618 00a8 03       		.uleb128 0x3
 619 00a9 0E       		.uleb128 0xe
 620 00aa 3A       		.uleb128 0x3a
 621 00ab 0B       		.uleb128 0xb
 622 00ac 3B       		.uleb128 0x3b
 623 00ad 0B       		.uleb128 0xb
 624 00ae 27       		.uleb128 0x27
 625 00af 19       		.uleb128 0x19
 626 00b0 49       		.uleb128 0x49
 627 00b1 13       		.uleb128 0x13
 628 00b2 11       		.uleb128 0x11
 629 00b3 01       		.uleb128 0x1
 630 00b4 12       		.uleb128 0x12
 631 00b5 06       		.uleb128 0x6
 632 00b6 40       		.uleb128 0x40
 633 00b7 18       		.uleb128 0x18
 634 00b8 9742     		.uleb128 0x2117
 635 00ba 19       		.uleb128 0x19
 636 00bb 01       		.uleb128 0x1
 637 00bc 13       		.uleb128 0x13
 638 00bd 00       		.byte	0
 639 00be 00       		.byte	0
 640 00bf 10       		.uleb128 0x10
 641 00c0 34       		.uleb128 0x34
 642 00c1 00       		.byte	0
 643 00c2 03       		.uleb128 0x3
 644 00c3 08       		.uleb128 0x8
 645 00c4 3A       		.uleb128 0x3a
 646 00c5 0B       		.uleb128 0xb
 647 00c6 3B       		.uleb128 0x3b
 648 00c7 0B       		.uleb128 0xb
 649 00c8 49       		.uleb128 0x49
 650 00c9 13       		.uleb128 0x13
 651 00ca 02       		.uleb128 0x2
 652 00cb 18       		.uleb128 0x18
 653 00cc 00       		.byte	0
 654 00cd 00       		.byte	0
ARM GAS  C:\Users\jwgutter\AppData\Local\Temp\cc6rYB1P.s 			page 15


 655 00ce 11       		.uleb128 0x11
 656 00cf 34       		.uleb128 0x34
 657 00d0 00       		.byte	0
 658 00d1 03       		.uleb128 0x3
 659 00d2 0E       		.uleb128 0xe
 660 00d3 3A       		.uleb128 0x3a
 661 00d4 0B       		.uleb128 0xb
 662 00d5 3B       		.uleb128 0x3b
 663 00d6 0B       		.uleb128 0xb
 664 00d7 49       		.uleb128 0x49
 665 00d8 13       		.uleb128 0x13
 666 00d9 02       		.uleb128 0x2
 667 00da 18       		.uleb128 0x18
 668 00db 00       		.byte	0
 669 00dc 00       		.byte	0
 670 00dd 12       		.uleb128 0x12
 671 00de 01       		.uleb128 0x1
 672 00df 01       		.byte	0x1
 673 00e0 49       		.uleb128 0x49
 674 00e1 13       		.uleb128 0x13
 675 00e2 01       		.uleb128 0x1
 676 00e3 13       		.uleb128 0x13
 677 00e4 00       		.byte	0
 678 00e5 00       		.byte	0
 679 00e6 13       		.uleb128 0x13
 680 00e7 21       		.uleb128 0x21
 681 00e8 00       		.byte	0
 682 00e9 49       		.uleb128 0x49
 683 00ea 13       		.uleb128 0x13
 684 00eb 2F       		.uleb128 0x2f
 685 00ec 05       		.uleb128 0x5
 686 00ed 00       		.byte	0
 687 00ee 00       		.byte	0
 688 00ef 14       		.uleb128 0x14
 689 00f0 34       		.uleb128 0x34
 690 00f1 00       		.byte	0
 691 00f2 03       		.uleb128 0x3
 692 00f3 0E       		.uleb128 0xe
 693 00f4 3A       		.uleb128 0x3a
 694 00f5 0B       		.uleb128 0xb
 695 00f6 3B       		.uleb128 0x3b
 696 00f7 05       		.uleb128 0x5
 697 00f8 49       		.uleb128 0x49
 698 00f9 13       		.uleb128 0x13
 699 00fa 3F       		.uleb128 0x3f
 700 00fb 19       		.uleb128 0x19
 701 00fc 3C       		.uleb128 0x3c
 702 00fd 19       		.uleb128 0x19
 703 00fe 00       		.byte	0
 704 00ff 00       		.byte	0
 705 0100 00       		.byte	0
 706              		.section	.debug_aranges,"",%progbits
 707 0000 24000000 		.4byte	0x24
 708 0004 0200     		.2byte	0x2
 709 0006 00000000 		.4byte	.Ldebug_info0
 710 000a 04       		.byte	0x4
 711 000b 00       		.byte	0
ARM GAS  C:\Users\jwgutter\AppData\Local\Temp\cc6rYB1P.s 			page 16


 712 000c 0000     		.2byte	0
 713 000e 0000     		.2byte	0
 714 0010 00000000 		.4byte	.LFB0
 715 0014 20000000 		.4byte	.LFE0-.LFB0
 716 0018 00000000 		.4byte	.LFB1
 717 001c 58000000 		.4byte	.LFE1-.LFB1
 718 0020 00000000 		.4byte	0
 719 0024 00000000 		.4byte	0
 720              		.section	.debug_ranges,"",%progbits
 721              	.Ldebug_ranges0:
 722 0000 00000000 		.4byte	.LFB0
 723 0004 20000000 		.4byte	.LFE0
 724 0008 00000000 		.4byte	.LFB1
 725 000c 58000000 		.4byte	.LFE1
 726 0010 00000000 		.4byte	0
 727 0014 00000000 		.4byte	0
 728              		.section	.debug_line,"",%progbits
 729              	.Ldebug_line0:
 730 0000 B1000000 		.section	.debug_str,"MS",%progbits,1
 730      02007C00 
 730      00000201 
 730      FB0E0D00 
 730      01010101 
 731              	.LASF3:
 732 0000 70665772 		.ascii	"pfWrite\000"
 732      69746500 
 733              	.LASF28:
 734 0008 46535F44 		.ascii	"FS_DEVICE_TYPE\000"
 734      45564943 
 734      455F5459 
 734      504500
 735              	.LASF25:
 736 0017 474E5520 		.ascii	"GNU C 4.9.3 20150303 (release) [ARM/embedded-4_9-br"
 736      4320342E 
 736      392E3320 
 736      32303135 
 736      30333033 
 737 004a 616E6368 		.ascii	"anch revision 221220] -mcpu=cortex-m3 -mthumb -g -O"
 737      20726576 
 737      6973696F 
 737      6E203232 
 737      31323230 
 738 007d 30202D66 		.ascii	"0 -ffunction-sections -ffat-lto-objects\000"
 738      66756E63 
 738      74696F6E 
 738      2D736563 
 738      74696F6E 
 739              	.LASF24:
 740 00a5 5F614D65 		.ascii	"_aMemBlock\000"
 740      6D426C6F 
 740      636B00
 741              	.LASF20:
 742 00b0 646F7562 		.ascii	"double\000"
 742      6C6500
 743              	.LASF6:
 744 00b7 70664765 		.ascii	"pfGetStatus\000"
 744      74537461 
ARM GAS  C:\Users\jwgutter\AppData\Local\Temp\cc6rYB1P.s 			page 17


 744      74757300 
 745              	.LASF19:
 746 00c3 666C6F61 		.ascii	"float\000"
 746      7400
 747              	.LASF7:
 748 00c9 70664765 		.ascii	"pfGetNumUnits\000"
 748      744E756D 
 748      556E6974 
 748      7300
 749              	.LASF11:
 750 00d7 756E7369 		.ascii	"unsigned char\000"
 750      676E6564 
 750      20636861 
 750      7200
 751              	.LASF9:
 752 00e5 6C6F6E67 		.ascii	"long unsigned int\000"
 752      20756E73 
 752      69676E65 
 752      6420696E 
 752      7400
 753              	.LASF8:
 754 00f7 73686F72 		.ascii	"short unsigned int\000"
 754      7420756E 
 754      7369676E 
 754      65642069 
 754      6E7400
 755              	.LASF22:
 756 010a 4D6F6E74 		.ascii	"Month\000"
 756      6800
 757              	.LASF5:
 758 0110 7066496E 		.ascii	"pfInitMedium\000"
 758      69744D65 
 758      6469756D 
 758      00
 759              	.LASF23:
 760 011d 59656172 		.ascii	"Year\000"
 760      00
 761              	.LASF27:
 762 0122 433A5C55 		.ascii	"C:\\Users\\jwgutter\\Documents\\O-Vac\\OVac.cydsn\000"
 762      73657273 
 762      5C6A7767 
 762      75747465 
 762      725C446F 
 763              	.LASF1:
 764 014f 70664164 		.ascii	"pfAddDevice\000"
 764      64446576 
 764      69636500 
 765              	.LASF10:
 766 015b 756E7369 		.ascii	"unsigned int\000"
 766      676E6564 
 766      20696E74 
 766      00
 767              	.LASF18:
 768 0168 6C6F6E67 		.ascii	"long long unsigned int\000"
 768      206C6F6E 
 768      6720756E 
 768      7369676E 
ARM GAS  C:\Users\jwgutter\AppData\Local\Temp\cc6rYB1P.s 			page 18


 768      65642069 
 769              	.LASF26:
 770 017f 47656E65 		.ascii	"Generated_Source\\PSoC5\\emFile_ConfigMMC_SPI.c\000"
 770      72617465 
 770      645F536F 
 770      75726365 
 770      5C50536F 
 771              	.LASF12:
 772 01ad 73697A65 		.ascii	"sizetype\000"
 772      74797065 
 772      00
 773              	.LASF17:
 774 01b6 6C6F6E67 		.ascii	"long long int\000"
 774      206C6F6E 
 774      6720696E 
 774      7400
 775              	.LASF13:
 776 01c4 63686172 		.ascii	"char\000"
 776      00
 777              	.LASF29:
 778 01c9 46535F58 		.ascii	"FS_X_AddDevices\000"
 778      5F416464 
 778      44657669 
 778      63657300 
 779              	.LASF2:
 780 01d9 70665265 		.ascii	"pfRead\000"
 780      616400
 781              	.LASF14:
 782 01e0 73686F72 		.ascii	"short int\000"
 782      7420696E 
 782      7400
 783              	.LASF21:
 784 01ea 486F7572 		.ascii	"Hour\000"
 784      00
 785              	.LASF0:
 786 01ef 70664765 		.ascii	"pfGetName\000"
 786      744E616D 
 786      6500
 787              	.LASF15:
 788 01f9 6C6F6E67 		.ascii	"long int\000"
 788      20696E74 
 788      00
 789              	.LASF30:
 790 0202 46535F58 		.ascii	"FS_X_GetTimeDate\000"
 790      5F476574 
 790      54696D65 
 790      44617465 
 790      00
 791              	.LASF16:
 792 0213 7369676E 		.ascii	"signed char\000"
 792      65642063 
 792      68617200 
 793              	.LASF4:
 794 021f 7066496F 		.ascii	"pfIoCtl\000"
 794      43746C00 
 795              	.LASF31:
 796 0227 46535F4D 		.ascii	"FS_MMC_SPI_Driver\000"
ARM GAS  C:\Users\jwgutter\AppData\Local\Temp\cc6rYB1P.s 			page 19


 796      4D435F53 
 796      50495F44 
 796      72697665 
 796      7200
 797              		.ident	"GCC: (GNU Tools for ARM Embedded Processors) 4.9.3 20150303 (release) [ARM/embedded-4_9-br
