ARM GAS  C:\Users\jwgutter\AppData\Local\Temp\ccxzfA5i.s 			page 1


   1              		.syntax unified
   2              		.cpu cortex-m3
   3              		.fpu softvfp
   4              		.eabi_attribute 20, 1
   5              		.eabi_attribute 21, 1
   6              		.eabi_attribute 23, 3
   7              		.eabi_attribute 24, 1
   8              		.eabi_attribute 25, 1
   9              		.eabi_attribute 26, 1
  10              		.eabi_attribute 30, 6
  11              		.eabi_attribute 34, 1
  12              		.eabi_attribute 18, 4
  13              		.thumb
  14              		.file	"functions.c"
  15              		.text
  16              	.Ltext0:
  17              		.cfi_sections	.debug_frame
  18              		.comm	accelData,10,4
  19              		.section	.rodata
  20              		.align	2
  21              	.LC0:
  22 0000 25642025 		.ascii	"%d %d %d     \000"
  22      64202564 
  22      20202020 
  22      2000
  23              		.section	.text.I2C_LCD_print,"ax",%progbits
  24              		.align	2
  25              		.global	I2C_LCD_print
  26              		.thumb
  27              		.thumb_func
  28              		.type	I2C_LCD_print, %function
  29              	I2C_LCD_print:
  30              	.LFB63:
  31              		.file 1 "functions.c"
   1:functions.c   **** /* ========================================
   2:functions.c   ****  *
   3:functions.c   ****  * Copyright YOUR COMPANY, THE YEAR
   4:functions.c   ****  * All Rights Reserved
   5:functions.c   ****  * UNPUBLISHED, LICENSED SOFTWARE.
   6:functions.c   ****  *
   7:functions.c   ****  * CONFIDENTIAL AND PROPRIETARY INFORMATION
   8:functions.c   ****  * WHICH IS THE PROPERTY OF your company.
   9:functions.c   ****  *
  10:functions.c   ****  * ========================================
  11:functions.c   **** */
  12:functions.c   **** #include <stdint.h>
  13:functions.c   **** #include <stdio.h>
  14:functions.c   **** #include <math.h>
  15:functions.c   **** #include "functions.h"
  16:functions.c   **** #include "LiquidCrystal_I2C.h"
  17:functions.c   **** 
  18:functions.c   **** char accelData[10];
  19:functions.c   **** 
  20:functions.c   **** void I2C_LCD_print(uint8_t row, uint8_t column, uint16_t ax, uint16_t ay,uint16_t az){
  32              		.loc 1 20 0
  33              		.cfi_startproc
  34              		@ args = 4, pretend = 0, frame = 8
ARM GAS  C:\Users\jwgutter\AppData\Local\Temp\ccxzfA5i.s 			page 2


  35              		@ frame_needed = 1, uses_anonymous_args = 0
  36 0000 90B5     		push	{r4, r7, lr}
  37              		.cfi_def_cfa_offset 12
  38              		.cfi_offset 4, -12
  39              		.cfi_offset 7, -8
  40              		.cfi_offset 14, -4
  41 0002 85B0     		sub	sp, sp, #20
  42              		.cfi_def_cfa_offset 32
  43 0004 02AF     		add	r7, sp, #8
  44              		.cfi_def_cfa 7, 24
  45 0006 0446     		mov	r4, r0
  46 0008 0846     		mov	r0, r1
  47 000a 1146     		mov	r1, r2
  48 000c 1A46     		mov	r2, r3
  49 000e 2346     		mov	r3, r4
  50 0010 FB71     		strb	r3, [r7, #7]
  51 0012 0346     		mov	r3, r0
  52 0014 BB71     		strb	r3, [r7, #6]
  53 0016 0B46     		mov	r3, r1	@ movhi
  54 0018 BB80     		strh	r3, [r7, #4]	@ movhi
  55 001a 1346     		mov	r3, r2	@ movhi
  56 001c 7B80     		strh	r3, [r7, #2]	@ movhi
  21:functions.c   ****     sprintf(accelData,"%d %d %d     ",ax,ay,az); 
  57              		.loc 1 21 0
  58 001e BA88     		ldrh	r2, [r7, #4]
  59 0020 7C88     		ldrh	r4, [r7, #2]
  60 0022 3B8B     		ldrh	r3, [r7, #24]
  61 0024 0093     		str	r3, [sp]
  62 0026 0848     		ldr	r0, .L2
  63 0028 0849     		ldr	r1, .L2+4
  64 002a 2346     		mov	r3, r4
  65 002c FFF7FEFF 		bl	sprintf
  22:functions.c   ****     //clear();
  23:functions.c   ****     setCursor(column,row);
  66              		.loc 1 23 0
  67 0030 BA79     		ldrb	r2, [r7, #6]	@ zero_extendqisi2
  68 0032 FB79     		ldrb	r3, [r7, #7]	@ zero_extendqisi2
  69 0034 1046     		mov	r0, r2
  70 0036 1946     		mov	r1, r3
  71 0038 FFF7FEFF 		bl	setCursor
  24:functions.c   ****     LCD_print(accelData);
  72              		.loc 1 24 0
  73 003c 0248     		ldr	r0, .L2
  74 003e FFF7FEFF 		bl	LCD_print
  25:functions.c   **** }
  75              		.loc 1 25 0
  76 0042 0C37     		adds	r7, r7, #12
  77              		.cfi_def_cfa_offset 12
  78 0044 BD46     		mov	sp, r7
  79              		.cfi_def_cfa_register 13
  80              		@ sp needed
  81 0046 90BD     		pop	{r4, r7, pc}
  82              	.L3:
  83              		.align	2
  84              	.L2:
  85 0048 00000000 		.word	accelData
  86 004c 00000000 		.word	.LC0
ARM GAS  C:\Users\jwgutter\AppData\Local\Temp\ccxzfA5i.s 			page 3


  87              		.cfi_endproc
  88              	.LFE63:
  89              		.size	I2C_LCD_print, .-I2C_LCD_print
  90              		.section	.text.ComputeMA,"ax",%progbits
  91              		.align	2
  92              		.global	ComputeMA
  93              		.thumb
  94              		.thumb_func
  95              		.type	ComputeMA, %function
  96              	ComputeMA:
  97              	.LFB64:
  26:functions.c   **** 
  27:functions.c   **** int16_t ComputeMA(int16_t avg, int16_t n, int16_t sample){
  98              		.loc 1 27 0
  99              		.cfi_startproc
 100              		@ args = 0, pretend = 0, frame = 8
 101              		@ frame_needed = 1, uses_anonymous_args = 0
 102              		@ link register save eliminated.
 103 0000 80B4     		push	{r7}
 104              		.cfi_def_cfa_offset 4
 105              		.cfi_offset 7, -4
 106 0002 83B0     		sub	sp, sp, #12
 107              		.cfi_def_cfa_offset 16
 108 0004 00AF     		add	r7, sp, #0
 109              		.cfi_def_cfa_register 7
 110 0006 0346     		mov	r3, r0
 111 0008 FB80     		strh	r3, [r7, #6]	@ movhi
 112 000a 0B46     		mov	r3, r1	@ movhi
 113 000c BB80     		strh	r3, [r7, #4]	@ movhi
 114 000e 1346     		mov	r3, r2	@ movhi
 115 0010 7B80     		strh	r3, [r7, #2]	@ movhi
  28:functions.c   ****     avg -= avg/n;
 116              		.loc 1 28 0
 117 0012 FA88     		ldrh	r2, [r7, #6]
 118 0014 B7F90610 		ldrsh	r1, [r7, #6]
 119 0018 B7F90430 		ldrsh	r3, [r7, #4]
 120 001c 91FBF3F3 		sdiv	r3, r1, r3
 121 0020 9BB2     		uxth	r3, r3
 122 0022 D31A     		subs	r3, r2, r3
 123 0024 9BB2     		uxth	r3, r3
 124 0026 FB80     		strh	r3, [r7, #6]	@ movhi
  29:functions.c   ****     avg += sample/n;
 125              		.loc 1 29 0
 126 0028 B7F90220 		ldrsh	r2, [r7, #2]
 127 002c B7F90430 		ldrsh	r3, [r7, #4]
 128 0030 92FBF3F3 		sdiv	r3, r2, r3
 129 0034 9AB2     		uxth	r2, r3
 130 0036 FB88     		ldrh	r3, [r7, #6]
 131 0038 1344     		add	r3, r3, r2
 132 003a 9BB2     		uxth	r3, r3
 133 003c FB80     		strh	r3, [r7, #6]	@ movhi
  30:functions.c   ****     return avg;    
 134              		.loc 1 30 0
 135 003e FB88     		ldrh	r3, [r7, #6]
 136 0040 1BB2     		sxth	r3, r3
  31:functions.c   **** }
 137              		.loc 1 31 0
ARM GAS  C:\Users\jwgutter\AppData\Local\Temp\ccxzfA5i.s 			page 4


 138 0042 1846     		mov	r0, r3
 139 0044 0C37     		adds	r7, r7, #12
 140              		.cfi_def_cfa_offset 4
 141 0046 BD46     		mov	sp, r7
 142              		.cfi_def_cfa_register 13
 143              		@ sp needed
 144 0048 5DF8047B 		ldr	r7, [sp], #4
 145              		.cfi_restore 7
 146              		.cfi_def_cfa_offset 0
 147 004c 7047     		bx	lr
 148              		.cfi_endproc
 149              	.LFE64:
 150              		.size	ComputeMA, .-ComputeMA
 151 004e 00BF     		.section	.rodata
 152 000e 0000     		.align	2
 153              	.LC1:
 154 0010 686900   		.ascii	"hi\000"
 155 0013 00       		.section	.text.ConvertToString,"ax",%progbits
 156              		.align	2
 157              		.global	ConvertToString
 158              		.thumb
 159              		.thumb_func
 160              		.type	ConvertToString, %function
 161              	ConvertToString:
 162              	.LFB65:
  32:functions.c   **** 
  33:functions.c   **** char *ConvertToString(char *buf, char *string, ...){
 163              		.loc 1 33 0
 164              		.cfi_startproc
 165              		@ args = 4, pretend = 12, frame = 8
 166              		@ frame_needed = 1, uses_anonymous_args = 1
 167              		@ link register save eliminated.
 168 0000 0EB4     		push	{r1, r2, r3}
 169              		.cfi_def_cfa_offset 12
 170              		.cfi_offset 1, -12
 171              		.cfi_offset 2, -8
 172              		.cfi_offset 3, -4
 173 0002 80B4     		push	{r7}
 174              		.cfi_def_cfa_offset 16
 175              		.cfi_offset 7, -16
 176 0004 82B0     		sub	sp, sp, #8
 177              		.cfi_def_cfa_offset 24
 178 0006 00AF     		add	r7, sp, #0
 179              		.cfi_def_cfa_register 7
 180 0008 7860     		str	r0, [r7, #4]
  34:functions.c   ****     return "hi";
 181              		.loc 1 34 0
 182 000a 044B     		ldr	r3, .L8
  35:functions.c   **** }
 183              		.loc 1 35 0
 184 000c 1846     		mov	r0, r3
 185 000e 0837     		adds	r7, r7, #8
 186              		.cfi_def_cfa_offset 16
 187 0010 BD46     		mov	sp, r7
 188              		.cfi_def_cfa_register 13
 189              		@ sp needed
 190 0012 5DF8047B 		ldr	r7, [sp], #4
ARM GAS  C:\Users\jwgutter\AppData\Local\Temp\ccxzfA5i.s 			page 5


 191              		.cfi_restore 7
 192              		.cfi_def_cfa_offset 12
 193 0016 03B0     		add	sp, sp, #12
 194              		.cfi_restore 3
 195              		.cfi_restore 2
 196              		.cfi_restore 1
 197              		.cfi_def_cfa_offset 0
 198 0018 7047     		bx	lr
 199              	.L9:
 200 001a 00BF     		.align	2
 201              	.L8:
 202 001c 10000000 		.word	.LC1
 203              		.cfi_endproc
 204              	.LFE65:
 205              		.size	ConvertToString, .-ConvertToString
 206              		.text
 207              	.Letext0:
 208              		.file 2 "c:\\program files (x86)\\cypress\\psoc creator\\4.0\\psoc creator\\import\\gnu\\arm\\4.9.
 209              		.file 3 "c:\\program files (x86)\\cypress\\psoc creator\\4.0\\psoc creator\\import\\gnu\\arm\\4.9.
 210              		.file 4 "Generated_Source\\PSoC5/core_cm3.h"
 211              		.section	.debug_info,"",%progbits
 212              	.Ldebug_info0:
 213 0000 ED010000 		.4byte	0x1ed
 214 0004 0400     		.2byte	0x4
 215 0006 00000000 		.4byte	.Ldebug_abbrev0
 216 000a 04       		.byte	0x4
 217 000b 01       		.uleb128 0x1
 218 000c 3D000000 		.4byte	.LASF29
 219 0010 01       		.byte	0x1
 220 0011 CB000000 		.4byte	.LASF30
 221 0015 2A010000 		.4byte	.LASF31
 222 0019 00000000 		.4byte	.Ldebug_ranges0+0
 223 001d 00000000 		.4byte	0
 224 0021 00000000 		.4byte	.Ldebug_line0
 225 0025 02       		.uleb128 0x2
 226 0026 01       		.byte	0x1
 227 0027 06       		.byte	0x6
 228 0028 F1010000 		.4byte	.LASF0
 229 002c 03       		.uleb128 0x3
 230 002d 07000000 		.4byte	.LASF2
 231 0031 02       		.byte	0x2
 232 0032 1D       		.byte	0x1d
 233 0033 37000000 		.4byte	0x37
 234 0037 02       		.uleb128 0x2
 235 0038 01       		.byte	0x1
 236 0039 08       		.byte	0x8
 237 003a EB000000 		.4byte	.LASF1
 238 003e 03       		.uleb128 0x3
 239 003f 11000000 		.4byte	.LASF3
 240 0043 02       		.byte	0x2
 241 0044 29       		.byte	0x29
 242 0045 49000000 		.4byte	0x49
 243 0049 02       		.uleb128 0x2
 244 004a 02       		.byte	0x2
 245 004b 05       		.byte	0x5
 246 004c BA010000 		.4byte	.LASF4
 247 0050 03       		.uleb128 0x3
ARM GAS  C:\Users\jwgutter\AppData\Local\Temp\ccxzfA5i.s 			page 6


 248 0051 1F010000 		.4byte	.LASF5
 249 0055 02       		.byte	0x2
 250 0056 2B       		.byte	0x2b
 251 0057 5B000000 		.4byte	0x5b
 252 005b 02       		.uleb128 0x2
 253 005c 02       		.byte	0x2
 254 005d 07       		.byte	0x7
 255 005e FD010000 		.4byte	.LASF6
 256 0062 03       		.uleb128 0x3
 257 0063 33000000 		.4byte	.LASF7
 258 0067 02       		.byte	0x2
 259 0068 3F       		.byte	0x3f
 260 0069 6D000000 		.4byte	0x6d
 261 006d 02       		.uleb128 0x2
 262 006e 04       		.byte	0x4
 263 006f 05       		.byte	0x5
 264 0070 D7010000 		.4byte	.LASF8
 265 0074 02       		.uleb128 0x2
 266 0075 04       		.byte	0x4
 267 0076 07       		.byte	0x7
 268 0077 F9000000 		.4byte	.LASF9
 269 007b 02       		.uleb128 0x2
 270 007c 08       		.byte	0x8
 271 007d 05       		.byte	0x5
 272 007e AC010000 		.4byte	.LASF10
 273 0082 02       		.uleb128 0x2
 274 0083 08       		.byte	0x8
 275 0084 07       		.byte	0x7
 276 0085 64010000 		.4byte	.LASF11
 277 0089 04       		.uleb128 0x4
 278 008a 04       		.byte	0x4
 279 008b 05       		.byte	0x5
 280 008c 696E7400 		.ascii	"int\000"
 281 0090 02       		.uleb128 0x2
 282 0091 04       		.byte	0x4
 283 0092 07       		.byte	0x7
 284 0093 57010000 		.4byte	.LASF12
 285 0097 03       		.uleb128 0x3
 286 0098 7B010000 		.4byte	.LASF13
 287 009c 03       		.byte	0x3
 288 009d 15       		.byte	0x15
 289 009e 2C000000 		.4byte	0x2c
 290 00a2 03       		.uleb128 0x3
 291 00a3 93010000 		.4byte	.LASF14
 292 00a7 03       		.byte	0x3
 293 00a8 20       		.byte	0x20
 294 00a9 3E000000 		.4byte	0x3e
 295 00ad 03       		.uleb128 0x3
 296 00ae C4010000 		.4byte	.LASF15
 297 00b2 03       		.byte	0x3
 298 00b3 21       		.byte	0x21
 299 00b4 50000000 		.4byte	0x50
 300 00b8 03       		.uleb128 0x3
 301 00b9 9B010000 		.4byte	.LASF16
 302 00bd 03       		.byte	0x3
 303 00be 2C       		.byte	0x2c
 304 00bf 62000000 		.4byte	0x62
ARM GAS  C:\Users\jwgutter\AppData\Local\Temp\ccxzfA5i.s 			page 7


 305 00c3 02       		.uleb128 0x2
 306 00c4 04       		.byte	0x4
 307 00c5 07       		.byte	0x7
 308 00c6 A3010000 		.4byte	.LASF17
 309 00ca 05       		.uleb128 0x5
 310 00cb 04       		.byte	0x4
 311 00cc D0000000 		.4byte	0xd0
 312 00d0 02       		.uleb128 0x2
 313 00d1 01       		.byte	0x1
 314 00d2 08       		.byte	0x8
 315 00d3 E0010000 		.4byte	.LASF18
 316 00d7 02       		.uleb128 0x2
 317 00d8 08       		.byte	0x8
 318 00d9 04       		.byte	0x4
 319 00da D7000000 		.4byte	.LASF19
 320 00de 02       		.uleb128 0x2
 321 00df 04       		.byte	0x4
 322 00e0 04       		.byte	0x4
 323 00e1 E5000000 		.4byte	.LASF20
 324 00e5 02       		.uleb128 0x2
 325 00e6 08       		.byte	0x8
 326 00e7 04       		.byte	0x4
 327 00e8 E5010000 		.4byte	.LASF21
 328 00ec 06       		.uleb128 0x6
 329 00ed 25000000 		.4byte	.LASF32
 330 00f1 01       		.byte	0x1
 331 00f2 14       		.byte	0x14
 332 00f3 00000000 		.4byte	.LFB63
 333 00f7 50000000 		.4byte	.LFE63-.LFB63
 334 00fb 01       		.uleb128 0x1
 335 00fc 9C       		.byte	0x9c
 336 00fd 45010000 		.4byte	0x145
 337 0101 07       		.uleb128 0x7
 338 0102 726F7700 		.ascii	"row\000"
 339 0106 01       		.byte	0x1
 340 0107 14       		.byte	0x14
 341 0108 97000000 		.4byte	0x97
 342 010c 02       		.uleb128 0x2
 343 010d 91       		.byte	0x91
 344 010e 6F       		.sleb128 -17
 345 010f 08       		.uleb128 0x8
 346 0110 0B010000 		.4byte	.LASF22
 347 0114 01       		.byte	0x1
 348 0115 14       		.byte	0x14
 349 0116 97000000 		.4byte	0x97
 350 011a 02       		.uleb128 0x2
 351 011b 91       		.byte	0x91
 352 011c 6E       		.sleb128 -18
 353 011d 07       		.uleb128 0x7
 354 011e 617800   		.ascii	"ax\000"
 355 0121 01       		.byte	0x1
 356 0122 14       		.byte	0x14
 357 0123 AD000000 		.4byte	0xad
 358 0127 02       		.uleb128 0x2
 359 0128 91       		.byte	0x91
 360 0129 6C       		.sleb128 -20
 361 012a 07       		.uleb128 0x7
ARM GAS  C:\Users\jwgutter\AppData\Local\Temp\ccxzfA5i.s 			page 8


 362 012b 617900   		.ascii	"ay\000"
 363 012e 01       		.byte	0x1
 364 012f 14       		.byte	0x14
 365 0130 AD000000 		.4byte	0xad
 366 0134 02       		.uleb128 0x2
 367 0135 91       		.byte	0x91
 368 0136 6A       		.sleb128 -22
 369 0137 07       		.uleb128 0x7
 370 0138 617A00   		.ascii	"az\000"
 371 013b 01       		.byte	0x1
 372 013c 14       		.byte	0x14
 373 013d AD000000 		.4byte	0xad
 374 0141 02       		.uleb128 0x2
 375 0142 91       		.byte	0x91
 376 0143 00       		.sleb128 0
 377 0144 00       		.byte	0
 378 0145 09       		.uleb128 0x9
 379 0146 1B000000 		.4byte	.LASF24
 380 014a 01       		.byte	0x1
 381 014b 1B       		.byte	0x1b
 382 014c A2000000 		.4byte	0xa2
 383 0150 00000000 		.4byte	.LFB64
 384 0154 4E000000 		.4byte	.LFE64-.LFB64
 385 0158 01       		.uleb128 0x1
 386 0159 9C       		.byte	0x9c
 387 015a 87010000 		.4byte	0x187
 388 015e 07       		.uleb128 0x7
 389 015f 61766700 		.ascii	"avg\000"
 390 0163 01       		.byte	0x1
 391 0164 1B       		.byte	0x1b
 392 0165 A2000000 		.4byte	0xa2
 393 0169 02       		.uleb128 0x2
 394 016a 91       		.byte	0x91
 395 016b 76       		.sleb128 -10
 396 016c 07       		.uleb128 0x7
 397 016d 6E00     		.ascii	"n\000"
 398 016f 01       		.byte	0x1
 399 0170 1B       		.byte	0x1b
 400 0171 A2000000 		.4byte	0xa2
 401 0175 02       		.uleb128 0x2
 402 0176 91       		.byte	0x91
 403 0177 74       		.sleb128 -12
 404 0178 08       		.uleb128 0x8
 405 0179 00000000 		.4byte	.LASF23
 406 017d 01       		.byte	0x1
 407 017e 1B       		.byte	0x1b
 408 017f A2000000 		.4byte	0xa2
 409 0183 02       		.uleb128 0x2
 410 0184 91       		.byte	0x91
 411 0185 72       		.sleb128 -14
 412 0186 00       		.byte	0
 413 0187 09       		.uleb128 0x9
 414 0188 83010000 		.4byte	.LASF25
 415 018c 01       		.byte	0x1
 416 018d 21       		.byte	0x21
 417 018e CA000000 		.4byte	0xca
 418 0192 00000000 		.4byte	.LFB65
ARM GAS  C:\Users\jwgutter\AppData\Local\Temp\ccxzfA5i.s 			page 9


 419 0196 20000000 		.4byte	.LFE65-.LFB65
 420 019a 01       		.uleb128 0x1
 421 019b 9C       		.byte	0x9c
 422 019c BE010000 		.4byte	0x1be
 423 01a0 07       		.uleb128 0x7
 424 01a1 62756600 		.ascii	"buf\000"
 425 01a5 01       		.byte	0x1
 426 01a6 21       		.byte	0x21
 427 01a7 CA000000 		.4byte	0xca
 428 01ab 02       		.uleb128 0x2
 429 01ac 91       		.byte	0x91
 430 01ad 6C       		.sleb128 -20
 431 01ae 08       		.uleb128 0x8
 432 01af DE000000 		.4byte	.LASF26
 433 01b3 01       		.byte	0x1
 434 01b4 21       		.byte	0x21
 435 01b5 CA000000 		.4byte	0xca
 436 01b9 02       		.uleb128 0x2
 437 01ba 91       		.byte	0x91
 438 01bb 74       		.sleb128 -12
 439 01bc 0A       		.uleb128 0xa
 440 01bd 00       		.byte	0
 441 01be 0B       		.uleb128 0xb
 442 01bf 12010000 		.4byte	.LASF27
 443 01c3 04       		.byte	0x4
 444 01c4 9606     		.2byte	0x696
 445 01c6 CA010000 		.4byte	0x1ca
 446 01ca 0C       		.uleb128 0xc
 447 01cb B8000000 		.4byte	0xb8
 448 01cf 0D       		.uleb128 0xd
 449 01d0 D0000000 		.4byte	0xd0
 450 01d4 DF010000 		.4byte	0x1df
 451 01d8 0E       		.uleb128 0xe
 452 01d9 C3000000 		.4byte	0xc3
 453 01dd 09       		.byte	0x9
 454 01de 00       		.byte	0
 455 01df 0F       		.uleb128 0xf
 456 01e0 CD010000 		.4byte	.LASF28
 457 01e4 01       		.byte	0x1
 458 01e5 12       		.byte	0x12
 459 01e6 CF010000 		.4byte	0x1cf
 460 01ea 05       		.uleb128 0x5
 461 01eb 03       		.byte	0x3
 462 01ec 00000000 		.4byte	accelData
 463 01f0 00       		.byte	0
 464              		.section	.debug_abbrev,"",%progbits
 465              	.Ldebug_abbrev0:
 466 0000 01       		.uleb128 0x1
 467 0001 11       		.uleb128 0x11
 468 0002 01       		.byte	0x1
 469 0003 25       		.uleb128 0x25
 470 0004 0E       		.uleb128 0xe
 471 0005 13       		.uleb128 0x13
 472 0006 0B       		.uleb128 0xb
 473 0007 03       		.uleb128 0x3
 474 0008 0E       		.uleb128 0xe
 475 0009 1B       		.uleb128 0x1b
ARM GAS  C:\Users\jwgutter\AppData\Local\Temp\ccxzfA5i.s 			page 10


 476 000a 0E       		.uleb128 0xe
 477 000b 55       		.uleb128 0x55
 478 000c 17       		.uleb128 0x17
 479 000d 11       		.uleb128 0x11
 480 000e 01       		.uleb128 0x1
 481 000f 10       		.uleb128 0x10
 482 0010 17       		.uleb128 0x17
 483 0011 00       		.byte	0
 484 0012 00       		.byte	0
 485 0013 02       		.uleb128 0x2
 486 0014 24       		.uleb128 0x24
 487 0015 00       		.byte	0
 488 0016 0B       		.uleb128 0xb
 489 0017 0B       		.uleb128 0xb
 490 0018 3E       		.uleb128 0x3e
 491 0019 0B       		.uleb128 0xb
 492 001a 03       		.uleb128 0x3
 493 001b 0E       		.uleb128 0xe
 494 001c 00       		.byte	0
 495 001d 00       		.byte	0
 496 001e 03       		.uleb128 0x3
 497 001f 16       		.uleb128 0x16
 498 0020 00       		.byte	0
 499 0021 03       		.uleb128 0x3
 500 0022 0E       		.uleb128 0xe
 501 0023 3A       		.uleb128 0x3a
 502 0024 0B       		.uleb128 0xb
 503 0025 3B       		.uleb128 0x3b
 504 0026 0B       		.uleb128 0xb
 505 0027 49       		.uleb128 0x49
 506 0028 13       		.uleb128 0x13
 507 0029 00       		.byte	0
 508 002a 00       		.byte	0
 509 002b 04       		.uleb128 0x4
 510 002c 24       		.uleb128 0x24
 511 002d 00       		.byte	0
 512 002e 0B       		.uleb128 0xb
 513 002f 0B       		.uleb128 0xb
 514 0030 3E       		.uleb128 0x3e
 515 0031 0B       		.uleb128 0xb
 516 0032 03       		.uleb128 0x3
 517 0033 08       		.uleb128 0x8
 518 0034 00       		.byte	0
 519 0035 00       		.byte	0
 520 0036 05       		.uleb128 0x5
 521 0037 0F       		.uleb128 0xf
 522 0038 00       		.byte	0
 523 0039 0B       		.uleb128 0xb
 524 003a 0B       		.uleb128 0xb
 525 003b 49       		.uleb128 0x49
 526 003c 13       		.uleb128 0x13
 527 003d 00       		.byte	0
 528 003e 00       		.byte	0
 529 003f 06       		.uleb128 0x6
 530 0040 2E       		.uleb128 0x2e
 531 0041 01       		.byte	0x1
 532 0042 3F       		.uleb128 0x3f
ARM GAS  C:\Users\jwgutter\AppData\Local\Temp\ccxzfA5i.s 			page 11


 533 0043 19       		.uleb128 0x19
 534 0044 03       		.uleb128 0x3
 535 0045 0E       		.uleb128 0xe
 536 0046 3A       		.uleb128 0x3a
 537 0047 0B       		.uleb128 0xb
 538 0048 3B       		.uleb128 0x3b
 539 0049 0B       		.uleb128 0xb
 540 004a 27       		.uleb128 0x27
 541 004b 19       		.uleb128 0x19
 542 004c 11       		.uleb128 0x11
 543 004d 01       		.uleb128 0x1
 544 004e 12       		.uleb128 0x12
 545 004f 06       		.uleb128 0x6
 546 0050 40       		.uleb128 0x40
 547 0051 18       		.uleb128 0x18
 548 0052 9642     		.uleb128 0x2116
 549 0054 19       		.uleb128 0x19
 550 0055 01       		.uleb128 0x1
 551 0056 13       		.uleb128 0x13
 552 0057 00       		.byte	0
 553 0058 00       		.byte	0
 554 0059 07       		.uleb128 0x7
 555 005a 05       		.uleb128 0x5
 556 005b 00       		.byte	0
 557 005c 03       		.uleb128 0x3
 558 005d 08       		.uleb128 0x8
 559 005e 3A       		.uleb128 0x3a
 560 005f 0B       		.uleb128 0xb
 561 0060 3B       		.uleb128 0x3b
 562 0061 0B       		.uleb128 0xb
 563 0062 49       		.uleb128 0x49
 564 0063 13       		.uleb128 0x13
 565 0064 02       		.uleb128 0x2
 566 0065 18       		.uleb128 0x18
 567 0066 00       		.byte	0
 568 0067 00       		.byte	0
 569 0068 08       		.uleb128 0x8
 570 0069 05       		.uleb128 0x5
 571 006a 00       		.byte	0
 572 006b 03       		.uleb128 0x3
 573 006c 0E       		.uleb128 0xe
 574 006d 3A       		.uleb128 0x3a
 575 006e 0B       		.uleb128 0xb
 576 006f 3B       		.uleb128 0x3b
 577 0070 0B       		.uleb128 0xb
 578 0071 49       		.uleb128 0x49
 579 0072 13       		.uleb128 0x13
 580 0073 02       		.uleb128 0x2
 581 0074 18       		.uleb128 0x18
 582 0075 00       		.byte	0
 583 0076 00       		.byte	0
 584 0077 09       		.uleb128 0x9
 585 0078 2E       		.uleb128 0x2e
 586 0079 01       		.byte	0x1
 587 007a 3F       		.uleb128 0x3f
 588 007b 19       		.uleb128 0x19
 589 007c 03       		.uleb128 0x3
ARM GAS  C:\Users\jwgutter\AppData\Local\Temp\ccxzfA5i.s 			page 12


 590 007d 0E       		.uleb128 0xe
 591 007e 3A       		.uleb128 0x3a
 592 007f 0B       		.uleb128 0xb
 593 0080 3B       		.uleb128 0x3b
 594 0081 0B       		.uleb128 0xb
 595 0082 27       		.uleb128 0x27
 596 0083 19       		.uleb128 0x19
 597 0084 49       		.uleb128 0x49
 598 0085 13       		.uleb128 0x13
 599 0086 11       		.uleb128 0x11
 600 0087 01       		.uleb128 0x1
 601 0088 12       		.uleb128 0x12
 602 0089 06       		.uleb128 0x6
 603 008a 40       		.uleb128 0x40
 604 008b 18       		.uleb128 0x18
 605 008c 9742     		.uleb128 0x2117
 606 008e 19       		.uleb128 0x19
 607 008f 01       		.uleb128 0x1
 608 0090 13       		.uleb128 0x13
 609 0091 00       		.byte	0
 610 0092 00       		.byte	0
 611 0093 0A       		.uleb128 0xa
 612 0094 18       		.uleb128 0x18
 613 0095 00       		.byte	0
 614 0096 00       		.byte	0
 615 0097 00       		.byte	0
 616 0098 0B       		.uleb128 0xb
 617 0099 34       		.uleb128 0x34
 618 009a 00       		.byte	0
 619 009b 03       		.uleb128 0x3
 620 009c 0E       		.uleb128 0xe
 621 009d 3A       		.uleb128 0x3a
 622 009e 0B       		.uleb128 0xb
 623 009f 3B       		.uleb128 0x3b
 624 00a0 05       		.uleb128 0x5
 625 00a1 49       		.uleb128 0x49
 626 00a2 13       		.uleb128 0x13
 627 00a3 3F       		.uleb128 0x3f
 628 00a4 19       		.uleb128 0x19
 629 00a5 3C       		.uleb128 0x3c
 630 00a6 19       		.uleb128 0x19
 631 00a7 00       		.byte	0
 632 00a8 00       		.byte	0
 633 00a9 0C       		.uleb128 0xc
 634 00aa 35       		.uleb128 0x35
 635 00ab 00       		.byte	0
 636 00ac 49       		.uleb128 0x49
 637 00ad 13       		.uleb128 0x13
 638 00ae 00       		.byte	0
 639 00af 00       		.byte	0
 640 00b0 0D       		.uleb128 0xd
 641 00b1 01       		.uleb128 0x1
 642 00b2 01       		.byte	0x1
 643 00b3 49       		.uleb128 0x49
 644 00b4 13       		.uleb128 0x13
 645 00b5 01       		.uleb128 0x1
 646 00b6 13       		.uleb128 0x13
ARM GAS  C:\Users\jwgutter\AppData\Local\Temp\ccxzfA5i.s 			page 13


 647 00b7 00       		.byte	0
 648 00b8 00       		.byte	0
 649 00b9 0E       		.uleb128 0xe
 650 00ba 21       		.uleb128 0x21
 651 00bb 00       		.byte	0
 652 00bc 49       		.uleb128 0x49
 653 00bd 13       		.uleb128 0x13
 654 00be 2F       		.uleb128 0x2f
 655 00bf 0B       		.uleb128 0xb
 656 00c0 00       		.byte	0
 657 00c1 00       		.byte	0
 658 00c2 0F       		.uleb128 0xf
 659 00c3 34       		.uleb128 0x34
 660 00c4 00       		.byte	0
 661 00c5 03       		.uleb128 0x3
 662 00c6 0E       		.uleb128 0xe
 663 00c7 3A       		.uleb128 0x3a
 664 00c8 0B       		.uleb128 0xb
 665 00c9 3B       		.uleb128 0x3b
 666 00ca 0B       		.uleb128 0xb
 667 00cb 49       		.uleb128 0x49
 668 00cc 13       		.uleb128 0x13
 669 00cd 3F       		.uleb128 0x3f
 670 00ce 19       		.uleb128 0x19
 671 00cf 02       		.uleb128 0x2
 672 00d0 18       		.uleb128 0x18
 673 00d1 00       		.byte	0
 674 00d2 00       		.byte	0
 675 00d3 00       		.byte	0
 676              		.section	.debug_aranges,"",%progbits
 677 0000 2C000000 		.4byte	0x2c
 678 0004 0200     		.2byte	0x2
 679 0006 00000000 		.4byte	.Ldebug_info0
 680 000a 04       		.byte	0x4
 681 000b 00       		.byte	0
 682 000c 0000     		.2byte	0
 683 000e 0000     		.2byte	0
 684 0010 00000000 		.4byte	.LFB63
 685 0014 50000000 		.4byte	.LFE63-.LFB63
 686 0018 00000000 		.4byte	.LFB64
 687 001c 4E000000 		.4byte	.LFE64-.LFB64
 688 0020 00000000 		.4byte	.LFB65
 689 0024 20000000 		.4byte	.LFE65-.LFB65
 690 0028 00000000 		.4byte	0
 691 002c 00000000 		.4byte	0
 692              		.section	.debug_ranges,"",%progbits
 693              	.Ldebug_ranges0:
 694 0000 00000000 		.4byte	.LFB63
 695 0004 50000000 		.4byte	.LFE63
 696 0008 00000000 		.4byte	.LFB64
 697 000c 4E000000 		.4byte	.LFE64
 698 0010 00000000 		.4byte	.LFB65
 699 0014 20000000 		.4byte	.LFE65
 700 0018 00000000 		.4byte	0
 701 001c 00000000 		.4byte	0
 702              		.section	.debug_line,"",%progbits
 703              	.Ldebug_line0:
ARM GAS  C:\Users\jwgutter\AppData\Local\Temp\ccxzfA5i.s 			page 14


 704 0000 7C010000 		.section	.debug_str,"MS",%progbits,1
 704      02003F01 
 704      00000201 
 704      FB0E0D00 
 704      01010101 
 705              	.LASF23:
 706 0000 73616D70 		.ascii	"sample\000"
 706      6C6500
 707              	.LASF2:
 708 0007 5F5F7569 		.ascii	"__uint8_t\000"
 708      6E74385F 
 708      7400
 709              	.LASF3:
 710 0011 5F5F696E 		.ascii	"__int16_t\000"
 710      7431365F 
 710      7400
 711              	.LASF24:
 712 001b 436F6D70 		.ascii	"ComputeMA\000"
 712      7574654D 
 712      4100
 713              	.LASF32:
 714 0025 4932435F 		.ascii	"I2C_LCD_print\000"
 714      4C43445F 
 714      7072696E 
 714      7400
 715              	.LASF7:
 716 0033 5F5F696E 		.ascii	"__int32_t\000"
 716      7433325F 
 716      7400
 717              	.LASF29:
 718 003d 474E5520 		.ascii	"GNU C 4.9.3 20150303 (release) [ARM/embedded-4_9-br"
 718      4320342E 
 718      392E3320 
 718      32303135 
 718      30333033 
 719 0070 616E6368 		.ascii	"anch revision 221220] -mcpu=cortex-m3 -mthumb -g -O"
 719      20726576 
 719      6973696F 
 719      6E203232 
 719      31323230 
 720 00a3 30202D66 		.ascii	"0 -ffunction-sections -ffat-lto-objects\000"
 720      66756E63 
 720      74696F6E 
 720      2D736563 
 720      74696F6E 
 721              	.LASF30:
 722 00cb 66756E63 		.ascii	"functions.c\000"
 722      74696F6E 
 722      732E6300 
 723              	.LASF19:
 724 00d7 646F7562 		.ascii	"double\000"
 724      6C6500
 725              	.LASF26:
 726 00de 73747269 		.ascii	"string\000"
 726      6E6700
 727              	.LASF20:
 728 00e5 666C6F61 		.ascii	"float\000"
ARM GAS  C:\Users\jwgutter\AppData\Local\Temp\ccxzfA5i.s 			page 15


 728      7400
 729              	.LASF1:
 730 00eb 756E7369 		.ascii	"unsigned char\000"
 730      676E6564 
 730      20636861 
 730      7200
 731              	.LASF9:
 732 00f9 6C6F6E67 		.ascii	"long unsigned int\000"
 732      20756E73 
 732      69676E65 
 732      6420696E 
 732      7400
 733              	.LASF22:
 734 010b 636F6C75 		.ascii	"column\000"
 734      6D6E00
 735              	.LASF27:
 736 0112 49544D5F 		.ascii	"ITM_RxBuffer\000"
 736      52784275 
 736      66666572 
 736      00
 737              	.LASF5:
 738 011f 5F5F7569 		.ascii	"__uint16_t\000"
 738      6E743136 
 738      5F7400
 739              	.LASF31:
 740 012a 433A5C55 		.ascii	"C:\\Users\\jwgutter\\Documents\\O-Vac\\OVac.cydsn\000"
 740      73657273 
 740      5C6A7767 
 740      75747465 
 740      725C446F 
 741              	.LASF12:
 742 0157 756E7369 		.ascii	"unsigned int\000"
 742      676E6564 
 742      20696E74 
 742      00
 743              	.LASF11:
 744 0164 6C6F6E67 		.ascii	"long long unsigned int\000"
 744      206C6F6E 
 744      6720756E 
 744      7369676E 
 744      65642069 
 745              	.LASF13:
 746 017b 75696E74 		.ascii	"uint8_t\000"
 746      385F7400 
 747              	.LASF25:
 748 0183 436F6E76 		.ascii	"ConvertToString\000"
 748      65727454 
 748      6F537472 
 748      696E6700 
 749              	.LASF14:
 750 0193 696E7431 		.ascii	"int16_t\000"
 750      365F7400 
 751              	.LASF16:
 752 019b 696E7433 		.ascii	"int32_t\000"
 752      325F7400 
 753              	.LASF17:
 754 01a3 73697A65 		.ascii	"sizetype\000"
ARM GAS  C:\Users\jwgutter\AppData\Local\Temp\ccxzfA5i.s 			page 16


 754      74797065 
 754      00
 755              	.LASF10:
 756 01ac 6C6F6E67 		.ascii	"long long int\000"
 756      206C6F6E 
 756      6720696E 
 756      7400
 757              	.LASF4:
 758 01ba 73686F72 		.ascii	"short int\000"
 758      7420696E 
 758      7400
 759              	.LASF15:
 760 01c4 75696E74 		.ascii	"uint16_t\000"
 760      31365F74 
 760      00
 761              	.LASF28:
 762 01cd 61636365 		.ascii	"accelData\000"
 762      6C446174 
 762      6100
 763              	.LASF8:
 764 01d7 6C6F6E67 		.ascii	"long int\000"
 764      20696E74 
 764      00
 765              	.LASF18:
 766 01e0 63686172 		.ascii	"char\000"
 766      00
 767              	.LASF21:
 768 01e5 6C6F6E67 		.ascii	"long double\000"
 768      20646F75 
 768      626C6500 
 769              	.LASF0:
 770 01f1 7369676E 		.ascii	"signed char\000"
 770      65642063 
 770      68617200 
 771              	.LASF6:
 772 01fd 73686F72 		.ascii	"short unsigned int\000"
 772      7420756E 
 772      7369676E 
 772      65642069 
 772      6E7400
 773              		.ident	"GCC: (GNU Tools for ARM Embedded Processors) 4.9.3 20150303 (release) [ARM/embedded-4_9-br
