--------------- Rebuild Started: 04/23/2017 14:07:45 Project: OVac, Configuration: ARM GCC 4.9-2015-q1-update Debug ---------------
Deleting file ".\ARM_GCC_493\Debug\main.o"
Deleting file ".\ARM_GCC_493\Debug\LiquidCrystal_I2C.o"
Deleting file ".\ARM_GCC_493\Debug\i2cFunctions.o"
Deleting file ".\ARM_GCC_493\Debug\functions.o"
Deleting file ".\ARM_GCC_493\Debug\mpu6050.o"
Deleting file ".\ARM_GCC_493\Debug\cyfitter_cfg.o"
Deleting file ".\ARM_GCC_493\Debug\cymetadata.o"
Deleting file ".\ARM_GCC_493\Debug\Cm3Start.o"
Deleting file ".\ARM_GCC_493\Debug\CyBootAsmGnu.o"
Deleting file ".\ARM_GCC_493\Debug\CyDmac.o"
Deleting file ".\ARM_GCC_493\Debug\CyFlash.o"
Deleting file ".\ARM_GCC_493\Debug\CyLib.o"
Deleting file ".\ARM_GCC_493\Debug\cyPm.o"
Deleting file ".\ARM_GCC_493\Debug\CySpc.o"
Deleting file ".\ARM_GCC_493\Debug\cyutils.o"
Deleting file ".\ARM_GCC_493\Debug\ADC.o"
Deleting file ".\ARM_GCC_493\Debug\ADC_PM.o"
Deleting file ".\ARM_GCC_493\Debug\ADC_INT.o"
Deleting file ".\ARM_GCC_493\Debug\ADC_AMux.o"
Deleting file ".\ARM_GCC_493\Debug\ADC_Ext_CP_Clk.o"
Deleting file ".\ARM_GCC_493\Debug\ADC_IRQ.o"
Deleting file ".\ARM_GCC_493\Debug\ADC_theACLK.o"
Deleting file ".\ARM_GCC_493\Debug\LED4.o"
Deleting file ".\ARM_GCC_493\Debug\SDA.o"
Deleting file ".\ARM_GCC_493\Debug\SCL.o"
Deleting file ".\ARM_GCC_493\Debug\I2C_Master.o"
Deleting file ".\ARM_GCC_493\Debug\I2C_Master_BOOT.o"
Deleting file ".\ARM_GCC_493\Debug\I2C_Master_INT.o"
Deleting file ".\ARM_GCC_493\Debug\I2C_Master_PM.o"
Deleting file ".\ARM_GCC_493\Debug\I2C_Master_SLAVE.o"
Deleting file ".\ARM_GCC_493\Debug\I2C_Master_MASTER.o"
Deleting file ".\ARM_GCC_493\Debug\emFile_ConfigMMC_SPI.o"
Deleting file ".\ARM_GCC_493\Debug\emFile_MMC_HW_SPI.o"
Deleting file ".\ARM_GCC_493\Debug\emFile_PM.o"
Deleting file ".\ARM_GCC_493\Debug\emFile_SPI0.o"
Deleting file ".\ARM_GCC_493\Debug\emFile_SPI0_PM.o"
Deleting file ".\ARM_GCC_493\Debug\emFile_SPI0_INT.o"
Deleting file ".\ARM_GCC_493\Debug\emFile_mosi0.o"
Deleting file ".\ARM_GCC_493\Debug\emFile_Clock_1.o"
Deleting file ".\ARM_GCC_493\Debug\emFile_miso0.o"
Deleting file ".\ARM_GCC_493\Debug\emFile_sclk0.o"
Deleting file ".\ARM_GCC_493\Debug\emFile_SPI0_CS.o"
Deleting file ".\ARM_GCC_493\Debug\Sample_Timer.o"
Deleting file ".\ARM_GCC_493\Debug\Sample_Timer_PM.o"
Deleting file ".\ARM_GCC_493\Debug\Clock_1.o"
Deleting file ".\ARM_GCC_493\Debug\Sample_ISR.o"
Deleting file ".\ARM_GCC_493\Debug\ADC_in.o"
Deleting file ".\ARM_GCC_493\Debug\Solenoid_1.o"
Deleting file ".\ARM_GCC_493\Debug\LED2.o"
Deleting file ".\ARM_GCC_493\Debug\Countdown_timer.o"
Deleting file ".\ARM_GCC_493\Debug\Countdown_timer_PM.o"
Deleting file ".\ARM_GCC_493\Debug\countdown.o"
Deleting file ".\ARM_GCC_493\Debug\LED2_1.o"
Deleting file ".\ARM_GCC_493\Debug\adjust_timer.o"
Deleting file ".\ARM_GCC_493\Debug\adjust_timer_PM.o"
Deleting file ".\ARM_GCC_493\Debug\OVac.hex"
Deleting file ".\ARM_GCC_493\Debug\OVac.elf"
Deleting file ".\ARM_GCC_493\Debug\OVac.map"
Deleting file ".\OVac.cycdx"
Deleting file ".\OVac.svd"
Deleting file ".\OVac.rpt"
Deleting file ".\OVac_timing.html"
Deleting file ".\ARM_GCC_493\Debug\.deps\SOURCE_C__ARM_GCC_GENERIC.P"
Deleting file ".\ARM_GCC_493\Debug\.deps\SOURCE_ASM__ARM_GCC_GENERIC.P"
cydsfit.exe -.appdatapath "C:\Users\airamire\AppData\Local\Cypress Semiconductor\PSoC Creator\4.0" -.fdsnotice -.fdswarpdepfile=warp_dependencies.txt -.fdselabdepfile=elab_dependencies.txt -.fdsbldfile=generated_files.txt -.fdsreffile=referenced_files.txt -p "C:\Users\airamire\Documents\PSoC Creator\OVac.cydsn\OVac.cyprj" -d CY8C5868LTI-LP039 -s "C:\Users\airamire\Documents\PSoC Creator\OVac.cydsn\Generated_Source\PSoC5" -- -yv2 -q10 -ygs -o2 -v3 -.fftcfgtype=LE
Elaborating Design...
HDL Generation...
Synthesis...
Tech Mapping...
Analog Placement...
Info: apr.M0002: Analog signal "\ADC:Net_35\" is connected to one terminal only. (App=cydsfit)
Analog Routing...
Analog Code Generation...
Digital Placement...
Digital Routing...
Bitstream Generation...
Bitstream Verification...
Static timing analysis...
API Generation...
Dependency Generation...
Cleanup...
arm-none-eabi-gcc.exe -mcpu=cortex-m3 -mthumb -I.\emFile_V322c\Code\Include\PSoC5 -I.\emFile_V322c\Code\Include\PSoC5\emf32nOS -I. -IGenerated_Source\PSoC5 -Wa,-alh=.\ARM_GCC_493\Debug/main.lst -g -ffunction-sections -O0 -ffat-lto-objects -c main.c -o .\ARM_GCC_493\Debug\main.o
arm-none-eabi-gcc.exe -mcpu=cortex-m3 -mthumb -I.\emFile_V322c\Code\Include\PSoC5 -I.\emFile_V322c\Code\Include\PSoC5\emf32nOS -I. -IGenerated_Source\PSoC5 -Wa,-alh=.\ARM_GCC_493\Debug/LiquidCrystal_I2C.lst -g -ffunction-sections -O0 -ffat-lto-objects -c LiquidCrystal_I2C.c -o .\ARM_GCC_493\Debug\LiquidCrystal_I2C.o
arm-none-eabi-gcc.exe -mcpu=cortex-m3 -mthumb -I.\emFile_V322c\Code\Include\PSoC5 -I.\emFile_V322c\Code\Include\PSoC5\emf32nOS -I. -IGenerated_Source\PSoC5 -Wa,-alh=.\ARM_GCC_493\Debug/i2cFunctions.lst -g -ffunction-sections -O0 -ffat-lto-objects -c i2cFunctions.c -o .\ARM_GCC_493\Debug\i2cFunctions.o
arm-none-eabi-gcc.exe -mcpu=cortex-m3 -mthumb -I.\emFile_V322c\Code\Include\PSoC5 -I.\emFile_V322c\Code\Include\PSoC5\emf32nOS -I. -IGenerated_Source\PSoC5 -Wa,-alh=.\ARM_GCC_493\Debug/functions.lst -g -ffunction-sections -O0 -ffat-lto-objects -c functions.c -o .\ARM_GCC_493\Debug\functions.o
arm-none-eabi-gcc.exe -mcpu=cortex-m3 -mthumb -I.\emFile_V322c\Code\Include\PSoC5 -I.\emFile_V322c\Code\Include\PSoC5\emf32nOS -I. -IGenerated_Source\PSoC5 -Wa,-alh=.\ARM_GCC_493\Debug/mpu6050.lst -g -ffunction-sections -O0 -ffat-lto-objects -c mpu6050.c -o .\ARM_GCC_493\Debug\mpu6050.o
arm-none-eabi-gcc.exe -mcpu=cortex-m3 -mthumb -I.\emFile_V322c\Code\Include\PSoC5 -I.\emFile_V322c\Code\Include\PSoC5\emf32nOS -I. -IGenerated_Source\PSoC5 -Wa,-alh=.\ARM_GCC_493\Debug/cyfitter_cfg.lst -g -ffunction-sections -O0 -ffat-lto-objects -c Generated_Source\PSoC5\cyfitter_cfg.c -o .\ARM_GCC_493\Debug\cyfitter_cfg.o
arm-none-eabi-gcc.exe -mcpu=cortex-m3 -mthumb -I.\emFile_V322c\Code\Include\PSoC5 -I.\emFile_V322c\Code\Include\PSoC5\emf32nOS -I. -IGenerated_Source\PSoC5 -Wa,-alh=.\ARM_GCC_493\Debug/cymetadata.lst -g -ffunction-sections -O0 -ffat-lto-objects -c Generated_Source\PSoC5\cymetadata.c -o .\ARM_GCC_493\Debug\cymetadata.o
arm-none-eabi-gcc.exe -mcpu=cortex-m3 -mthumb -I.\emFile_V322c\Code\Include\PSoC5 -I.\emFile_V322c\Code\Include\PSoC5\emf32nOS -I. -IGenerated_Source\PSoC5 -Wa,-alh=.\ARM_GCC_493\Debug/Cm3Start.lst -g -ffunction-sections -O0 -ffat-lto-objects -c Generated_Source\PSoC5\Cm3Start.c -o .\ARM_GCC_493\Debug\Cm3Start.o
arm-none-eabi-gcc.exe -mcpu=cortex-m3 -mthumb -I.\emFile_V322c\Code\Include\PSoC5 -I.\emFile_V322c\Code\Include\PSoC5\emf32nOS -I. -IGenerated_Source\PSoC5 -Wa,-alh=.\ARM_GCC_493\Debug/CyDmac.lst -g -ffunction-sections -O0 -ffat-lto-objects -c Generated_Source\PSoC5\CyDmac.c -o .\ARM_GCC_493\Debug\CyDmac.o
arm-none-eabi-gcc.exe -mcpu=cortex-m3 -mthumb -I.\emFile_V322c\Code\Include\PSoC5 -I.\emFile_V322c\Code\Include\PSoC5\emf32nOS -I. -IGenerated_Source\PSoC5 -Wa,-alh=.\ARM_GCC_493\Debug/CyFlash.lst -g -ffunction-sections -O0 -ffat-lto-objects -c Generated_Source\PSoC5\CyFlash.c -o .\ARM_GCC_493\Debug\CyFlash.o
arm-none-eabi-gcc.exe -mcpu=cortex-m3 -mthumb -I.\emFile_V322c\Code\Include\PSoC5 -I.\emFile_V322c\Code\Include\PSoC5\emf32nOS -I. -IGenerated_Source\PSoC5 -Wa,-alh=.\ARM_GCC_493\Debug/CyLib.lst -g -ffunction-sections -O0 -ffat-lto-objects -c Generated_Source\PSoC5\CyLib.c -o .\ARM_GCC_493\Debug\CyLib.o
arm-none-eabi-gcc.exe -mcpu=cortex-m3 -mthumb -I.\emFile_V322c\Code\Include\PSoC5 -I.\emFile_V322c\Code\Include\PSoC5\emf32nOS -I. -IGenerated_Source\PSoC5 -Wa,-alh=.\ARM_GCC_493\Debug/cyPm.lst -g -ffunction-sections -O0 -ffat-lto-objects -c Generated_Source\PSoC5\cyPm.c -o .\ARM_GCC_493\Debug\cyPm.o
arm-none-eabi-gcc.exe -mcpu=cortex-m3 -mthumb -I.\emFile_V322c\Code\Include\PSoC5 -I.\emFile_V322c\Code\Include\PSoC5\emf32nOS -I. -IGenerated_Source\PSoC5 -Wa,-alh=.\ARM_GCC_493\Debug/CySpc.lst -g -ffunction-sections -O0 -ffat-lto-objects -c Generated_Source\PSoC5\CySpc.c -o .\ARM_GCC_493\Debug\CySpc.o
arm-none-eabi-gcc.exe -mcpu=cortex-m3 -mthumb -I.\emFile_V322c\Code\Include\PSoC5 -I.\emFile_V322c\Code\Include\PSoC5\emf32nOS -I. -IGenerated_Source\PSoC5 -Wa,-alh=.\ARM_GCC_493\Debug/cyutils.lst -g -ffunction-sections -O0 -ffat-lto-objects -c Generated_Source\PSoC5\cyutils.c -o .\ARM_GCC_493\Debug\cyutils.o
arm-none-eabi-gcc.exe -mcpu=cortex-m3 -mthumb -I.\emFile_V322c\Code\Include\PSoC5 -I.\emFile_V322c\Code\Include\PSoC5\emf32nOS -I. -IGenerated_Source\PSoC5 -Wa,-alh=.\ARM_GCC_493\Debug/ADC.lst -g -ffunction-sections -O0 -ffat-lto-objects -c Generated_Source\PSoC5\ADC.c -o .\ARM_GCC_493\Debug\ADC.o
arm-none-eabi-gcc.exe -mcpu=cortex-m3 -mthumb -I.\emFile_V322c\Code\Include\PSoC5 -I.\emFile_V322c\Code\Include\PSoC5\emf32nOS -I. -IGenerated_Source\PSoC5 -Wa,-alh=.\ARM_GCC_493\Debug/ADC_PM.lst -g -ffunction-sections -O0 -ffat-lto-objects -c Generated_Source\PSoC5\ADC_PM.c -o .\ARM_GCC_493\Debug\ADC_PM.o
arm-none-eabi-gcc.exe -mcpu=cortex-m3 -mthumb -I.\emFile_V322c\Code\Include\PSoC5 -I.\emFile_V322c\Code\Include\PSoC5\emf32nOS -I. -IGenerated_Source\PSoC5 -Wa,-alh=.\ARM_GCC_493\Debug/ADC_INT.lst -g -ffunction-sections -O0 -ffat-lto-objects -c Generated_Source\PSoC5\ADC_INT.c -o .\ARM_GCC_493\Debug\ADC_INT.o
arm-none-eabi-gcc.exe -mcpu=cortex-m3 -mthumb -I.\emFile_V322c\Code\Include\PSoC5 -I.\emFile_V322c\Code\Include\PSoC5\emf32nOS -I. -IGenerated_Source\PSoC5 -Wa,-alh=.\ARM_GCC_493\Debug/ADC_AMux.lst -g -ffunction-sections -O0 -ffat-lto-objects -c Generated_Source\PSoC5\ADC_AMux.c -o .\ARM_GCC_493\Debug\ADC_AMux.o
arm-none-eabi-gcc.exe -mcpu=cortex-m3 -mthumb -I.\emFile_V322c\Code\Include\PSoC5 -I.\emFile_V322c\Code\Include\PSoC5\emf32nOS -I. -IGenerated_Source\PSoC5 -Wa,-alh=.\ARM_GCC_493\Debug/ADC_Ext_CP_Clk.lst -g -ffunction-sections -O0 -ffat-lto-objects -c Generated_Source\PSoC5\ADC_Ext_CP_Clk.c -o .\ARM_GCC_493\Debug\ADC_Ext_CP_Clk.o
arm-none-eabi-gcc.exe -mcpu=cortex-m3 -mthumb -I.\emFile_V322c\Code\Include\PSoC5 -I.\emFile_V322c\Code\Include\PSoC5\emf32nOS -I. -IGenerated_Source\PSoC5 -Wa,-alh=.\ARM_GCC_493\Debug/ADC_IRQ.lst -g -ffunction-sections -O0 -ffat-lto-objects -c Generated_Source\PSoC5\ADC_IRQ.c -o .\ARM_GCC_493\Debug\ADC_IRQ.o
arm-none-eabi-gcc.exe -mcpu=cortex-m3 -mthumb -I.\emFile_V322c\Code\Include\PSoC5 -I.\emFile_V322c\Code\Include\PSoC5\emf32nOS -I. -IGenerated_Source\PSoC5 -Wa,-alh=.\ARM_GCC_493\Debug/ADC_theACLK.lst -g -ffunction-sections -O0 -ffat-lto-objects -c Generated_Source\PSoC5\ADC_theACLK.c -o .\ARM_GCC_493\Debug\ADC_theACLK.o
arm-none-eabi-gcc.exe -mcpu=cortex-m3 -mthumb -I.\emFile_V322c\Code\Include\PSoC5 -I.\emFile_V322c\Code\Include\PSoC5\emf32nOS -I. -IGenerated_Source\PSoC5 -Wa,-alh=.\ARM_GCC_493\Debug/LED4.lst -g -ffunction-sections -O0 -ffat-lto-objects -c Generated_Source\PSoC5\LED4.c -o .\ARM_GCC_493\Debug\LED4.o
arm-none-eabi-gcc.exe -mcpu=cortex-m3 -mthumb -I.\emFile_V322c\Code\Include\PSoC5 -I.\emFile_V322c\Code\Include\PSoC5\emf32nOS -I. -IGenerated_Source\PSoC5 -Wa,-alh=.\ARM_GCC_493\Debug/SDA.lst -g -ffunction-sections -O0 -ffat-lto-objects -c Generated_Source\PSoC5\SDA.c -o .\ARM_GCC_493\Debug\SDA.o
arm-none-eabi-gcc.exe -mcpu=cortex-m3 -mthumb -I.\emFile_V322c\Code\Include\PSoC5 -I.\emFile_V322c\Code\Include\PSoC5\emf32nOS -I. -IGenerated_Source\PSoC5 -Wa,-alh=.\ARM_GCC_493\Debug/SCL.lst -g -ffunction-sections -O0 -ffat-lto-objects -c Generated_Source\PSoC5\SCL.c -o .\ARM_GCC_493\Debug\SCL.o
arm-none-eabi-gcc.exe -mcpu=cortex-m3 -mthumb -I.\emFile_V322c\Code\Include\PSoC5 -I.\emFile_V322c\Code\Include\PSoC5\emf32nOS -I. -IGenerated_Source\PSoC5 -Wa,-alh=.\ARM_GCC_493\Debug/I2C_Master.lst -g -ffunction-sections -O0 -ffat-lto-objects -c Generated_Source\PSoC5\I2C_Master.c -o .\ARM_GCC_493\Debug\I2C_Master.o
arm-none-eabi-gcc.exe -mcpu=cortex-m3 -mthumb -I.\emFile_V322c\Code\Include\PSoC5 -I.\emFile_V322c\Code\Include\PSoC5\emf32nOS -I. -IGenerated_Source\PSoC5 -Wa,-alh=.\ARM_GCC_493\Debug/I2C_Master_BOOT.lst -g -ffunction-sections -O0 -ffat-lto-objects -c Generated_Source\PSoC5\I2C_Master_BOOT.c -o .\ARM_GCC_493\Debug\I2C_Master_BOOT.o
arm-none-eabi-gcc.exe -mcpu=cortex-m3 -mthumb -I.\emFile_V322c\Code\Include\PSoC5 -I.\emFile_V322c\Code\Include\PSoC5\emf32nOS -I. -IGenerated_Source\PSoC5 -Wa,-alh=.\ARM_GCC_493\Debug/I2C_Master_INT.lst -g -ffunction-sections -O0 -ffat-lto-objects -c Generated_Source\PSoC5\I2C_Master_INT.c -o .\ARM_GCC_493\Debug\I2C_Master_INT.o
arm-none-eabi-gcc.exe -mcpu=cortex-m3 -mthumb -I.\emFile_V322c\Code\Include\PSoC5 -I.\emFile_V322c\Code\Include\PSoC5\emf32nOS -I. -IGenerated_Source\PSoC5 -Wa,-alh=.\ARM_GCC_493\Debug/I2C_Master_PM.lst -g -ffunction-sections -O0 -ffat-lto-objects -c Generated_Source\PSoC5\I2C_Master_PM.c -o .\ARM_GCC_493\Debug\I2C_Master_PM.o
arm-none-eabi-gcc.exe -mcpu=cortex-m3 -mthumb -I.\emFile_V322c\Code\Include\PSoC5 -I.\emFile_V322c\Code\Include\PSoC5\emf32nOS -I. -IGenerated_Source\PSoC5 -Wa,-alh=.\ARM_GCC_493\Debug/I2C_Master_SLAVE.lst -g -ffunction-sections -O0 -ffat-lto-objects -c Generated_Source\PSoC5\I2C_Master_SLAVE.c -o .\ARM_GCC_493\Debug\I2C_Master_SLAVE.o
arm-none-eabi-gcc.exe -mcpu=cortex-m3 -mthumb -I.\emFile_V322c\Code\Include\PSoC5 -I.\emFile_V322c\Code\Include\PSoC5\emf32nOS -I. -IGenerated_Source\PSoC5 -Wa,-alh=.\ARM_GCC_493\Debug/I2C_Master_MASTER.lst -g -ffunction-sections -O0 -ffat-lto-objects -c Generated_Source\PSoC5\I2C_Master_MASTER.c -o .\ARM_GCC_493\Debug\I2C_Master_MASTER.o
arm-none-eabi-gcc.exe -mcpu=cortex-m3 -mthumb -I.\emFile_V322c\Code\Include\PSoC5 -I.\emFile_V322c\Code\Include\PSoC5\emf32nOS -I. -IGenerated_Source\PSoC5 -Wa,-alh=.\ARM_GCC_493\Debug/emFile_ConfigMMC_SPI.lst -g -ffunction-sections -O0 -ffat-lto-objects -c Generated_Source\PSoC5\emFile_ConfigMMC_SPI.c -o .\ARM_GCC_493\Debug\emFile_ConfigMMC_SPI.o
arm-none-eabi-gcc.exe -mcpu=cortex-m3 -mthumb -I.\emFile_V322c\Code\Include\PSoC5 -I.\emFile_V322c\Code\Include\PSoC5\emf32nOS -I. -IGenerated_Source\PSoC5 -Wa,-alh=.\ARM_GCC_493\Debug/emFile_MMC_HW_SPI.lst -g -ffunction-sections -O0 -ffat-lto-objects -c Generated_Source\PSoC5\emFile_MMC_HW_SPI.c -o .\ARM_GCC_493\Debug\emFile_MMC_HW_SPI.o
arm-none-eabi-gcc.exe -mcpu=cortex-m3 -mthumb -I.\emFile_V322c\Code\Include\PSoC5 -I.\emFile_V322c\Code\Include\PSoC5\emf32nOS -I. -IGenerated_Source\PSoC5 -Wa,-alh=.\ARM_GCC_493\Debug/emFile_PM.lst -g -ffunction-sections -O0 -ffat-lto-objects -c Generated_Source\PSoC5\emFile_PM.c -o .\ARM_GCC_493\Debug\emFile_PM.o
arm-none-eabi-gcc.exe -mcpu=cortex-m3 -mthumb -I.\emFile_V322c\Code\Include\PSoC5 -I.\emFile_V322c\Code\Include\PSoC5\emf32nOS -I. -IGenerated_Source\PSoC5 -Wa,-alh=.\ARM_GCC_493\Debug/emFile_SPI0.lst -g -ffunction-sections -O0 -ffat-lto-objects -c Generated_Source\PSoC5\emFile_SPI0.c -o .\ARM_GCC_493\Debug\emFile_SPI0.o
arm-none-eabi-gcc.exe -mcpu=cortex-m3 -mthumb -I.\emFile_V322c\Code\Include\PSoC5 -I.\emFile_V322c\Code\Include\PSoC5\emf32nOS -I. -IGenerated_Source\PSoC5 -Wa,-alh=.\ARM_GCC_493\Debug/emFile_SPI0_PM.lst -g -ffunction-sections -O0 -ffat-lto-objects -c Generated_Source\PSoC5\emFile_SPI0_PM.c -o .\ARM_GCC_493\Debug\emFile_SPI0_PM.o
arm-none-eabi-gcc.exe -mcpu=cortex-m3 -mthumb -I.\emFile_V322c\Code\Include\PSoC5 -I.\emFile_V322c\Code\Include\PSoC5\emf32nOS -I. -IGenerated_Source\PSoC5 -Wa,-alh=.\ARM_GCC_493\Debug/emFile_SPI0_INT.lst -g -ffunction-sections -O0 -ffat-lto-objects -c Generated_Source\PSoC5\emFile_SPI0_INT.c -o .\ARM_GCC_493\Debug\emFile_SPI0_INT.o
arm-none-eabi-gcc.exe -mcpu=cortex-m3 -mthumb -I.\emFile_V322c\Code\Include\PSoC5 -I.\emFile_V322c\Code\Include\PSoC5\emf32nOS -I. -IGenerated_Source\PSoC5 -Wa,-alh=.\ARM_GCC_493\Debug/emFile_mosi0.lst -g -ffunction-sections -O0 -ffat-lto-objects -c Generated_Source\PSoC5\emFile_mosi0.c -o .\ARM_GCC_493\Debug\emFile_mosi0.o
arm-none-eabi-gcc.exe -mcpu=cortex-m3 -mthumb -I.\emFile_V322c\Code\Include\PSoC5 -I.\emFile_V322c\Code\Include\PSoC5\emf32nOS -I. -IGenerated_Source\PSoC5 -Wa,-alh=.\ARM_GCC_493\Debug/emFile_Clock_1.lst -g -ffunction-sections -O0 -ffat-lto-objects -c Generated_Source\PSoC5\emFile_Clock_1.c -o .\ARM_GCC_493\Debug\emFile_Clock_1.o
arm-none-eabi-gcc.exe -mcpu=cortex-m3 -mthumb -I.\emFile_V322c\Code\Include\PSoC5 -I.\emFile_V322c\Code\Include\PSoC5\emf32nOS -I. -IGenerated_Source\PSoC5 -Wa,-alh=.\ARM_GCC_493\Debug/emFile_miso0.lst -g -ffunction-sections -O0 -ffat-lto-objects -c Generated_Source\PSoC5\emFile_miso0.c -o .\ARM_GCC_493\Debug\emFile_miso0.o
arm-none-eabi-gcc.exe -mcpu=cortex-m3 -mthumb -I.\emFile_V322c\Code\Include\PSoC5 -I.\emFile_V322c\Code\Include\PSoC5\emf32nOS -I. -IGenerated_Source\PSoC5 -Wa,-alh=.\ARM_GCC_493\Debug/emFile_sclk0.lst -g -ffunction-sections -O0 -ffat-lto-objects -c Generated_Source\PSoC5\emFile_sclk0.c -o .\ARM_GCC_493\Debug\emFile_sclk0.o
arm-none-eabi-gcc.exe -mcpu=cortex-m3 -mthumb -I.\emFile_V322c\Code\Include\PSoC5 -I.\emFile_V322c\Code\Include\PSoC5\emf32nOS -I. -IGenerated_Source\PSoC5 -Wa,-alh=.\ARM_GCC_493\Debug/emFile_SPI0_CS.lst -g -ffunction-sections -O0 -ffat-lto-objects -c Generated_Source\PSoC5\emFile_SPI0_CS.c -o .\ARM_GCC_493\Debug\emFile_SPI0_CS.o
arm-none-eabi-gcc.exe -mcpu=cortex-m3 -mthumb -I.\emFile_V322c\Code\Include\PSoC5 -I.\emFile_V322c\Code\Include\PSoC5\emf32nOS -I. -IGenerated_Source\PSoC5 -Wa,-alh=.\ARM_GCC_493\Debug/Sample_Timer.lst -g -ffunction-sections -O0 -ffat-lto-objects -c Generated_Source\PSoC5\Sample_Timer.c -o .\ARM_GCC_493\Debug\Sample_Timer.o
arm-none-eabi-gcc.exe -mcpu=cortex-m3 -mthumb -I.\emFile_V322c\Code\Include\PSoC5 -I.\emFile_V322c\Code\Include\PSoC5\emf32nOS -I. -IGenerated_Source\PSoC5 -Wa,-alh=.\ARM_GCC_493\Debug/Sample_Timer_PM.lst -g -ffunction-sections -O0 -ffat-lto-objects -c Generated_Source\PSoC5\Sample_Timer_PM.c -o .\ARM_GCC_493\Debug\Sample_Timer_PM.o
arm-none-eabi-gcc.exe -mcpu=cortex-m3 -mthumb -I.\emFile_V322c\Code\Include\PSoC5 -I.\emFile_V322c\Code\Include\PSoC5\emf32nOS -I. -IGenerated_Source\PSoC5 -Wa,-alh=.\ARM_GCC_493\Debug/Clock_1.lst -g -ffunction-sections -O0 -ffat-lto-objects -c Generated_Source\PSoC5\Clock_1.c -o .\ARM_GCC_493\Debug\Clock_1.o
arm-none-eabi-gcc.exe -mcpu=cortex-m3 -mthumb -I.\emFile_V322c\Code\Include\PSoC5 -I.\emFile_V322c\Code\Include\PSoC5\emf32nOS -I. -IGenerated_Source\PSoC5 -Wa,-alh=.\ARM_GCC_493\Debug/Sample_ISR.lst -g -ffunction-sections -O0 -ffat-lto-objects -c Generated_Source\PSoC5\Sample_ISR.c -o .\ARM_GCC_493\Debug\Sample_ISR.o
arm-none-eabi-gcc.exe -mcpu=cortex-m3 -mthumb -I.\emFile_V322c\Code\Include\PSoC5 -I.\emFile_V322c\Code\Include\PSoC5\emf32nOS -I. -IGenerated_Source\PSoC5 -Wa,-alh=.\ARM_GCC_493\Debug/ADC_in.lst -g -ffunction-sections -O0 -ffat-lto-objects -c Generated_Source\PSoC5\ADC_in.c -o .\ARM_GCC_493\Debug\ADC_in.o
arm-none-eabi-gcc.exe -mcpu=cortex-m3 -mthumb -I.\emFile_V322c\Code\Include\PSoC5 -I.\emFile_V322c\Code\Include\PSoC5\emf32nOS -I. -IGenerated_Source\PSoC5 -Wa,-alh=.\ARM_GCC_493\Debug/Solenoid_1.lst -g -ffunction-sections -O0 -ffat-lto-objects -c Generated_Source\PSoC5\Solenoid_1.c -o .\ARM_GCC_493\Debug\Solenoid_1.o
arm-none-eabi-gcc.exe -mcpu=cortex-m3 -mthumb -I.\emFile_V322c\Code\Include\PSoC5 -I.\emFile_V322c\Code\Include\PSoC5\emf32nOS -I. -IGenerated_Source\PSoC5 -Wa,-alh=.\ARM_GCC_493\Debug/LED2.lst -g -ffunction-sections -O0 -ffat-lto-objects -c Generated_Source\PSoC5\LED2.c -o .\ARM_GCC_493\Debug\LED2.o
arm-none-eabi-gcc.exe -mcpu=cortex-m3 -mthumb -I.\emFile_V322c\Code\Include\PSoC5 -I.\emFile_V322c\Code\Include\PSoC5\emf32nOS -I. -IGenerated_Source\PSoC5 -Wa,-alh=.\ARM_GCC_493\Debug/Countdown_timer.lst -g -ffunction-sections -O0 -ffat-lto-objects -c Generated_Source\PSoC5\Countdown_timer.c -o .\ARM_GCC_493\Debug\Countdown_timer.o
arm-none-eabi-gcc.exe -mcpu=cortex-m3 -mthumb -I.\emFile_V322c\Code\Include\PSoC5 -I.\emFile_V322c\Code\Include\PSoC5\emf32nOS -I. -IGenerated_Source\PSoC5 -Wa,-alh=.\ARM_GCC_493\Debug/Countdown_timer_PM.lst -g -ffunction-sections -O0 -ffat-lto-objects -c Generated_Source\PSoC5\Countdown_timer_PM.c -o .\ARM_GCC_493\Debug\Countdown_timer_PM.o
arm-none-eabi-gcc.exe -mcpu=cortex-m3 -mthumb -I.\emFile_V322c\Code\Include\PSoC5 -I.\emFile_V322c\Code\Include\PSoC5\emf32nOS -I. -IGenerated_Source\PSoC5 -Wa,-alh=.\ARM_GCC_493\Debug/countdown.lst -g -ffunction-sections -O0 -ffat-lto-objects -c Generated_Source\PSoC5\countdown.c -o .\ARM_GCC_493\Debug\countdown.o
arm-none-eabi-gcc.exe -mcpu=cortex-m3 -mthumb -I.\emFile_V322c\Code\Include\PSoC5 -I.\emFile_V322c\Code\Include\PSoC5\emf32nOS -I. -IGenerated_Source\PSoC5 -Wa,-alh=.\ARM_GCC_493\Debug/LED2_1.lst -g -ffunction-sections -O0 -ffat-lto-objects -c Generated_Source\PSoC5\LED2_1.c -o .\ARM_GCC_493\Debug\LED2_1.o
arm-none-eabi-gcc.exe -mcpu=cortex-m3 -mthumb -I.\emFile_V322c\Code\Include\PSoC5 -I.\emFile_V322c\Code\Include\PSoC5\emf32nOS -I. -IGenerated_Source\PSoC5 -Wa,-alh=.\ARM_GCC_493\Debug/adjust_timer.lst -g -ffunction-sections -O0 -ffat-lto-objects -c Generated_Source\PSoC5\adjust_timer.c -o .\ARM_GCC_493\Debug\adjust_timer.o
arm-none-eabi-gcc.exe -mcpu=cortex-m3 -mthumb -I.\emFile_V322c\Code\Include\PSoC5 -I.\emFile_V322c\Code\Include\PSoC5\emf32nOS -I. -IGenerated_Source\PSoC5 -Wa,-alh=.\ARM_GCC_493\Debug/adjust_timer_PM.lst -g -ffunction-sections -O0 -ffat-lto-objects -c Generated_Source\PSoC5\adjust_timer_PM.c -o .\ARM_GCC_493\Debug\adjust_timer_PM.o
arm-none-eabi-as.exe -mcpu=cortex-m3 -mthumb -I. -IGenerated_Source\PSoC5 -alh=.\ARM_GCC_493\Debug/CyBootAsmGnu.lst -g -o .\ARM_GCC_493\Debug\CyBootAsmGnu.o Generated_Source\PSoC5\CyBootAsmGnu.s
arm-none-eabi-ar.exe -rs .\ARM_GCC_493\Debug\OVac.a .\ARM_GCC_493\Debug\cyfitter_cfg.o .\ARM_GCC_493\Debug\CyDmac.o .\ARM_GCC_493\Debug\CyFlash.o .\ARM_GCC_493\Debug\CyLib.o .\ARM_GCC_493\Debug\cyPm.o .\ARM_GCC_493\Debug\CySpc.o .\ARM_GCC_493\Debug\cyutils.o .\ARM_GCC_493\Debug\ADC.o .\ARM_GCC_493\Debug\ADC_PM.o .\ARM_GCC_493\Debug\ADC_INT.o .\ARM_GCC_493\Debug\ADC_AMux.o .\ARM_GCC_493\Debug\ADC_Ext_CP_Clk.o .\ARM_GCC_493\Debug\ADC_IRQ.o .\ARM_GCC_493\Debug\ADC_theACLK.o .\ARM_GCC_493\Debug\LED4.o .\ARM_GCC_493\Debug\SDA.o .\ARM_GCC_493\Debug\SCL.o .\ARM_GCC_493\Debug\I2C_Master.o .\ARM_GCC_493\Debug\I2C_Master_BOOT.o .\ARM_GCC_493\Debug\I2C_Master_INT.o .\ARM_GCC_493\Debug\I2C_Master_PM.o .\ARM_GCC_493\Debug\I2C_Master_SLAVE.o .\ARM_GCC_493\Debug\I2C_Master_MASTER.o .\ARM_GCC_493\Debug\emFile_ConfigMMC_SPI.o .\ARM_GCC_493\Debug\emFile_MMC_HW_SPI.o .\ARM_GCC_493\Debug\emFile_PM.o .\ARM_GCC_493\Debug\emFile_SPI0.o .\ARM_GCC_493\Debug\emFile_SPI0_PM.o .\ARM_GCC_493\Debug\emFile_SPI0_INT.o .\ARM_GCC_493\Debug\emFile_mosi0.o .\ARM_GCC_493\Debug\emFile_Clock_1.o .\ARM_GCC_493\Debug\emFile_miso0.o .\ARM_GCC_493\Debug\emFile_sclk0.o .\ARM_GCC_493\Debug\emFile_SPI0_CS.o .\ARM_GCC_493\Debug\Sample_Timer.o .\ARM_GCC_493\Debug\Sample_Timer_PM.o .\ARM_GCC_493\Debug\Clock_1.o .\ARM_GCC_493\Debug\Sample_ISR.o .\ARM_GCC_493\Debug\ADC_in.o .\ARM_GCC_493\Debug\Solenoid_1.o .\ARM_GCC_493\Debug\LED2.o .\ARM_GCC_493\Debug\Countdown_timer.o .\ARM_GCC_493\Debug\Countdown_timer_PM.o .\ARM_GCC_493\Debug\countdown.o .\ARM_GCC_493\Debug\LED2_1.o .\ARM_GCC_493\Debug\adjust_timer.o .\ARM_GCC_493\Debug\adjust_timer_PM.o .\ARM_GCC_493\Debug\CyBootAsmGnu.o
arm-none-eabi-ar.exe: creating .\ARM_GCC_493\Debug\OVac.a
arm-none-eabi-gcc.exe -Wl,--start-group -o .\ARM_GCC_493\Debug\OVac.elf .\ARM_GCC_493\Debug\main.o .\ARM_GCC_493\Debug\LiquidCrystal_I2C.o .\ARM_GCC_493\Debug\i2cFunctions.o .\ARM_GCC_493\Debug\functions.o .\ARM_GCC_493\Debug\mpu6050.o .\ARM_GCC_493\Debug\cymetadata.o .\ARM_GCC_493\Debug\Cm3Start.o .\ARM_GCC_493\Debug\OVac.a "C:\Program Files (x86)\Cypress\PSoC Creator\4.0\PSoC Creator\psoc\content\cycomponentlibrary\CyComponentLibrary.cylib\CortexM3\ARM_GCC_493\Debug\CyComponentLibrary.a" -mcpu=cortex-m3 -mthumb -g -ffunction-sections -O0 -ffat-lto-objects -l emf32nosnlfn -L Generated_Source\PSoC5 -L .\emFile_V322c\Code\Include\PSoC5 -L .\emFile_V322c\LinkLibrary\PSoC5 -L .\emFile_V322c\LinkLibrary\PSoC5\GCC -Wl,-Map,.\ARM_GCC_493\Debug/OVac.map -T "C:\Users\airamire\Documents\PSoC Creator\OVac.cydsn\Generated_Source\PSoC5\cm3gcc.ld" -specs=nano.specs -Wl,--gc-sections -Wl,--end-group
cyelftool.exe -C "C:\Users\airamire\Documents\PSoC Creator\OVac.cydsn\ARM_GCC_493\Debug\OVac.elf" --flash_row_size 256 --flash_size 262144
cyelftool.exe -S "C:\Users\airamire\Documents\PSoC Creator\OVac.cydsn\ARM_GCC_493\Debug\OVac.elf"
Flash used: 33768 of 262144 bytes (12.9 %).
SRAM used: 7021 of 65536 bytes (10.7 %). Stack: 2048 bytes. Heap: 128 bytes.
--------------- Rebuild Succeeded: 04/23/2017 14:08:06 ---------------
